#
# A fatal error has been detected by the Java Runtime Environment:
#
#  Internal Error (classFileParser.cpp:3494), pid=9764, tid=140336911300352
#  Error: ShouldNotReachHere()
#
# JRE version: 6.0_24-b24
# Java VM: OpenJDK 64-Bit Server VM (20.0-b12 mixed mode linux-amd64 compressed oops)
# Derivative: IcedTea6 1.11.5
# Distribution: Ubuntu 12.04 LTS, package 6b24-1.11.5-0ubuntu1~12.04.1
# If you would like to submit a bug report, please include
# instructions how to reproduce the bug and visit:
#   https://bugs.launchpad.net/ubuntu/+source/openjdk-6/
#

---------------  T H R E A D  ---------------

Current thread (0x00007fa2b4007800):  JavaThread "Unknown thread" [_thread_in_vm, id=9769, stack(0x00007fa2bbaf3000,0x00007fa2bbbf4000)]

Stack: [0x00007fa2bbaf3000,0x00007fa2bbbf4000],  sp=0x00007fa2bbbf2080,  free space=1020k
Native frames: (J=compiled Java code, j=interpreted, Vv=VM code, C=native code)
V  [libjvm.so+0x7846a5]  VMError::report(outputStream*)+0x1255
V  [libjvm.so+0x784929]  VMError::report_and_die()+0x169
V  [libjvm.so+0x3bb5ea]  report_vm_error(char const*, int, char const*, char const*)+0x4a
V  [libjvm.so+0x351985]  ClassFileParser::parseClassFile(symbolHandle, Handle, Handle, KlassHandle, GrowableArray<Handle>*, symbolHandle&, bool, Thread*)+0x1545
V  [libjvm.so+0x355be3]  ClassLoader::load_classfile(symbolHandle, Thread*)+0x1f3
V  [libjvm.so+0x71c854]  SystemDictionary::load_instance_class(symbolHandle, Handle, Thread*)+0x354
V  [libjvm.so+0x71af60]  SystemDictionary::resolve_instance_class_or_null(symbolHandle, Handle, Handle, Thread*)+0x7c0
V  [libjvm.so+0x71cee3]  SystemDictionary::resolve_or_fail(symbolHandle, Handle, Handle, bool, Thread*)+0x33
V  [libjvm.so+0x71cfc4]  SystemDictionary::resolve_or_fail(symbolHandle, bool, Thread*)+0x14
V  [libjvm.so+0x71d070]  SystemDictionary::initialize_wk_klass(SystemDictionary::WKID, int, Thread*)+0xa0
V  [libjvm.so+0x71d0d9]  SystemDictionary::initialize_wk_klasses_until(SystemDictionary::WKID, SystemDictionary::WKID&, Thread*)+0x59
V  [libjvm.so+0x71d1d1]  SystemDictionary::initialize_preloaded_classes(Thread*)+0x71
V  [libjvm.so+0x760a5f]  Universe::genesis(Thread*)+0x11f
V  [libjvm.so+0x76140f]  universe2_init()+0x1f
V  [libjvm.so+0x474675]  init_globals()+0x95
V  [libjvm.so+0x74b38a]  Threads::create_vm(JavaVMInitArgs*, bool*)+0x1ea
V  [libjvm.so+0x4ce4d1]  JNI_CreateJavaVM+0x61
C  [java+0x317e]  JavaMain+0x7e


---------------  P R O C E S S  ---------------

Java Threads: ( => current thread )

Other Threads:

=>0x00007fa2b4007800 (exited) JavaThread "Unknown thread" [_thread_in_vm, id=9769, stack(0x00007fa2bbaf3000,0x00007fa2bbbf4000)]

VM state:not at safepoint (not fully initialized)

VM Mutex/Monitor currently owned by a thread: None

Dynamic libraries:
00400000-00409000 r-xp 00000000 08:05 1067208                            /usr/lib/jvm/java-6-openjdk-amd64/jre/bin/java
00608000-00609000 r--p 00008000 08:05 1067208                            /usr/lib/jvm/java-6-openjdk-amd64/jre/bin/java
00609000-0060a000 rw-p 00009000 08:05 1067208                            /usr/lib/jvm/java-6-openjdk-amd64/jre/bin/java
00ee5000-00f06000 rw-p 00000000 00:00 0                                  [heap]
98800000-99cc0000 rw-p 00000000 00:00 0 
99cc0000-a2e00000 rw-p 00000000 00:00 0 
a2e00000-a6c10000 rw-p 00000000 00:00 0 
a6c10000-e0f60000 rw-p 00000000 00:00 0 
e0f60000-e2e60000 rw-p 00000000 00:00 0 
e2e60000-100000000 rw-p 00000000 00:00 0 
7fa294000000-7fa294021000 rw-p 00000000 00:00 0 
7fa294021000-7fa298000000 ---p 00000000 00:00 0 
7fa29c000000-7fa29c021000 rw-p 00000000 00:00 0 
7fa29c021000-7fa2a0000000 ---p 00000000 00:00 0 
7fa2a4000000-7fa2a4021000 rw-p 00000000 00:00 0 
7fa2a4021000-7fa2a8000000 ---p 00000000 00:00 0 
7fa2ac000000-7fa2ac021000 rw-p 00000000 00:00 0 
7fa2ac021000-7fa2b0000000 ---p 00000000 00:00 0 
7fa2b0f13000-7fa2b0fd8000 r--s 0115c000 08:05 303789                     /home/kimrtaylor/androidforhack/adt-bundle-linux-x86_64/sdk/platforms/android-17/android.jar
7fa2b0fd8000-7fa2b1000000 rw-p 00000000 00:00 0 
7fa2b1000000-7fa2b1270000 rwxp 00000000 00:00 0 
7fa2b1270000-7fa2b407f000 rw-p 00000000 00:00 0 
7fa2b407f000-7fa2b8000000 ---p 00000000 00:00 0 
7fa2b800c000-7fa2b800d000 ---p 00000000 00:00 0 
7fa2b800d000-7fa2b810d000 rw-p 00000000 00:00 0 
7fa2b810d000-7fa2b810e000 ---p 00000000 00:00 0 
7fa2b810e000-7fa2b820e000 rw-p 00000000 00:00 0 
7fa2b820e000-7fa2b820f000 ---p 00000000 00:00 0 
7fa2b820f000-7fa2b830f000 rw-p 00000000 00:00 0 
7fa2b830f000-7fa2b8310000 ---p 00000000 00:00 0 
7fa2b8310000-7fa2b841b000 rw-p 00000000 00:00 0 
7fa2b841b000-7fa2b8463000 rw-p 00000000 00:00 0 
7fa2b8463000-7fa2b8483000 rw-p 00000000 00:00 0 
7fa2b8483000-7fa2b8654000 rw-p 00000000 00:00 0 
7fa2b8654000-7fa2b865f000 rw-p 00000000 00:00 0 
7fa2b865f000-7fa2b86a7000 rw-p 00000000 00:00 0 
7fa2b86a7000-7fa2b86c7000 rw-p 00000000 00:00 0 
7fa2b86c7000-7fa2b8897000 rw-p 00000000 00:00 0 
7fa2b8897000-7fa2b88a8000 rw-p 00000000 00:00 0 
7fa2b88a8000-7fa2b8990000 rw-p 00000000 00:00 0 
7fa2b8990000-7fa2b8991000 rw-p 00000000 00:00 0 
7fa2b8991000-7fa2b8998000 r-xp 00000000 08:05 137934                     /usr/lib/jvm/java-6-openjdk-amd64/jre/lib/amd64/libzip.so
7fa2b8998000-7fa2b8b97000 ---p 00007000 08:05 137934                     /usr/lib/jvm/java-6-openjdk-amd64/jre/lib/amd64/libzip.so
7fa2b8b97000-7fa2b8b98000 r--p 00006000 08:05 137934                     /usr/lib/jvm/java-6-openjdk-amd64/jre/lib/amd64/libzip.so
7fa2b8b98000-7fa2b8b99000 rw-p 00007000 08:05 137934                     /usr/lib/jvm/java-6-openjdk-amd64/jre/lib/amd64/libzip.so
7fa2b8b99000-7fa2b8ba5000 r-xp 00000000 08:05 1458951                    /lib/x86_64-linux-gnu/libnss_files-2.15.so
7fa2b8ba5000-7fa2b8da4000 ---p 0000c000 08:05 1458951                    /lib/x86_64-linux-gnu/libnss_files-2.15.so
7fa2b8da4000-7fa2b8da5000 r--p 0000b000 08:05 1458951                    /lib/x86_64-linux-gnu/libnss_files-2.15.so
7fa2b8da5000-7fa2b8da6000 rw-p 0000c000 08:05 1458951                    /lib/x86_64-linux-gnu/libnss_files-2.15.so
7fa2b8da6000-7fa2b8db0000 r-xp 00000000 08:05 1458947                    /lib/x86_64-linux-gnu/libnss_nis-2.15.so
7fa2b8db0000-7fa2b8fb0000 ---p 0000a000 08:05 1458947                    /lib/x86_64-linux-gnu/libnss_nis-2.15.so
7fa2b8fb0000-7fa2b8fb1000 r--p 0000a000 08:05 1458947                    /lib/x86_64-linux-gnu/libnss_nis-2.15.so
7fa2b8fb1000-7fa2b8fb2000 rw-p 0000b000 08:05 1458947                    /lib/x86_64-linux-gnu/libnss_nis-2.15.so
7fa2b8fb2000-7fa2b8fc9000 r-xp 00000000 08:05 1458960                    /lib/x86_64-linux-gnu/libnsl-2.15.so
7fa2b8fc9000-7fa2b91c8000 ---p 00017000 08:05 1458960                    /lib/x86_64-linux-gnu/libnsl-2.15.so
7fa2b91c8000-7fa2b91c9000 r--p 00016000 08:05 1458960                    /lib/x86_64-linux-gnu/libnsl-2.15.so
7fa2b91c9000-7fa2b91ca000 rw-p 00017000 08:05 1458960                    /lib/x86_64-linux-gnu/libnsl-2.15.so
7fa2b91ca000-7fa2b91cc000 rw-p 00000000 00:00 0 
7fa2b91cc000-7fa2b91d4000 r-xp 00000000 08:05 1458952                    /lib/x86_64-linux-gnu/libnss_compat-2.15.so
7fa2b91d4000-7fa2b93d3000 ---p 00008000 08:05 1458952                    /lib/x86_64-linux-gnu/libnss_compat-2.15.so
7fa2b93d3000-7fa2b93d4000 r--p 00007000 08:05 1458952                    /lib/x86_64-linux-gnu/libnss_compat-2.15.so
7fa2b93d4000-7fa2b93d5000 rw-p 00008000 08:05 1458952                    /lib/x86_64-linux-gnu/libnss_compat-2.15.so
7fa2b93d5000-7fa2b9401000 r-xp 00000000 08:05 134126                     /usr/lib/jvm/java-6-openjdk-amd64/jre/lib/amd64/libjava.so
7fa2b9401000-7fa2b9600000 ---p 0002c000 08:05 134126                     /usr/lib/jvm/java-6-openjdk-amd64/jre/lib/amd64/libjava.so
7fa2b9600000-7fa2b9601000 r--p 0002b000 08:05 134126                     /usr/lib/jvm/java-6-openjdk-amd64/jre/lib/amd64/libjava.so
7fa2b9601000-7fa2b9604000 rw-p 0002c000 08:05 134126                     /usr/lib/jvm/java-6-openjdk-amd64/jre/lib/amd64/libjava.so
7fa2b9604000-7fa2b9612000 r-xp 00000000 08:05 134994                     /usr/lib/jvm/java-6-openjdk-amd64/jre/lib/amd64/libverify.so
7fa2b9612000-7fa2b9811000 ---p 0000e000 08:05 134994                     /usr/lib/jvm/java-6-openjdk-amd64/jre/lib/amd64/libverify.so
7fa2b9811000-7fa2b9813000 r--p 0000d000 08:05 134994                     /usr/lib/jvm/java-6-openjdk-amd64/jre/lib/amd64/libverify.so
7fa2b9813000-7fa2b9814000 rw-p 0000f000 08:05 134994                     /usr/lib/jvm/java-6-openjdk-amd64/jre/lib/amd64/libverify.so
7fa2b9814000-7fa2b981b000 r-xp 00000000 08:05 1458945                    /lib/x86_64-linux-gnu/librt-2.15.so
7fa2b981b000-7fa2b9a1a000 ---p 00007000 08:05 1458945                    /lib/x86_64-linux-gnu/librt-2.15.so
7fa2b9a1a000-7fa2b9a1b000 r--p 00006000 08:05 1458945                    /lib/x86_64-linux-gnu/librt-2.15.so
7fa2b9a1b000-7fa2b9a1c000 rw-p 00007000 08:05 1458945                    /lib/x86_64-linux-gnu/librt-2.15.so
7fa2b9a1c000-7fa2b9a31000 r-xp 00000000 08:05 1442866                    /lib/x86_64-linux-gnu/libgcc_s.so.1
7fa2b9a31000-7fa2b9c30000 ---p 00015000 08:05 1442866                    /lib/x86_64-linux-gnu/libgcc_s.so.1
7fa2b9c30000-7fa2b9c31000 r--p 00014000 08:05 1442866                    /lib/x86_64-linux-gnu/libgcc_s.so.1
7fa2b9c31000-7fa2b9c32000 rw-p 00015000 08:05 1442866                    /lib/x86_64-linux-gnu/libgcc_s.so.1
7fa2b9c32000-7fa2b9d2d000 r-xp 00000000 08:05 1458949                    /lib/x86_64-linux-gnu/libm-2.15.so
7fa2b9d2d000-7fa2b9f2c000 ---p 000fb000 08:05 1458949                    /lib/x86_64-linux-gnu/libm-2.15.so
7fa2b9f2c000-7fa2b9f2d000 r--p 000fa000 08:05 1458949                    /lib/x86_64-linux-gnu/libm-2.15.so
7fa2b9f2d000-7fa2b9f2e000 rw-p 000fb000 08:05 1458949                    /lib/x86_64-linux-gnu/libm-2.15.so
7fa2b9f2e000-7fa2ba010000 r-xp 00000000 08:05 1839928                    /usr/lib/x86_64-linux-gnu/libstdc++.so.6.0.16
7fa2ba010000-7fa2ba20f000 ---p 000e2000 08:05 1839928                    /usr/lib/x86_64-linux-gnu/libstdc++.so.6.0.16
7fa2ba20f000-7fa2ba217000 r--p 000e1000 08:05 1839928                    /usr/lib/x86_64-linux-gnu/libstdc++.so.6.0.16
7fa2ba217000-7fa2ba219000 rw-p 000e9000 08:05 1839928                    /usr/lib/x86_64-linux-gnu/libstdc++.so.6.0.16
7fa2ba219000-7fa2ba22e000 rw-p 00000000 00:00 0 
7fa2ba22e000-7fa2bab33000 r-xp 00000000 08:05 392455                     /usr/lib/jvm/java-6-openjdk-amd64/jre/lib/amd64/server/libjvm.so
7fa2bab33000-7fa2bad33000 ---p 00905000 08:05 392455                     /usr/lib/jvm/java-6-openjdk-amd64/jre/lib/amd64/server/libjvm.so
7fa2bad33000-7fa2badb3000 r--p 00905000 08:05 392455                     /usr/lib/jvm/java-6-openjdk-amd64/jre/lib/amd64/server/libjvm.so
7fa2badb3000-7fa2badce000 rw-p 00985000 08:05 392455                     /usr/lib/jvm/java-6-openjdk-amd64/jre/lib/amd64/server/libjvm.so
7fa2badce000-7fa2badf7000 rw-p 00000000 00:00 0 
7fa2badf7000-7fa2bae0d000 r-xp 00000000 08:05 1442956                    /lib/x86_64-linux-gnu/libz.so.1.2.3.4
7fa2bae0d000-7fa2bb00c000 ---p 00016000 08:05 1442956                    /lib/x86_64-linux-gnu/libz.so.1.2.3.4
7fa2bb00c000-7fa2bb00d000 r--p 00015000 08:05 1442956                    /lib/x86_64-linux-gnu/libz.so.1.2.3.4
7fa2bb00d000-7fa2bb00e000 rw-p 00016000 08:05 1442956                    /lib/x86_64-linux-gnu/libz.so.1.2.3.4
7fa2bb00e000-7fa2bb1c3000 r-xp 00000000 08:05 1458941                    /lib/x86_64-linux-gnu/libc-2.15.so
7fa2bb1c3000-7fa2bb3c2000 ---p 001b5000 08:05 1458941                    /lib/x86_64-linux-gnu/libc-2.15.so
7fa2bb3c2000-7fa2bb3c6000 r--p 001b4000 08:05 1458941                    /lib/x86_64-linux-gnu/libc-2.15.so
7fa2bb3c6000-7fa2bb3c8000 rw-p 001b8000 08:05 1458941                    /lib/x86_64-linux-gnu/libc-2.15.so
7fa2bb3c8000-7fa2bb3cd000 rw-p 00000000 00:00 0 
7fa2bb3cd000-7fa2bb3cf000 r-xp 00000000 08:05 1458940                    /lib/x86_64-linux-gnu/libdl-2.15.so
7fa2bb3cf000-7fa2bb5cf000 ---p 00002000 08:05 1458940                    /lib/x86_64-linux-gnu/libdl-2.15.so
7fa2bb5cf000-7fa2bb5d0000 r--p 00002000 08:05 1458940                    /lib/x86_64-linux-gnu/libdl-2.15.so
7fa2bb5d0000-7fa2bb5d1000 rw-p 00003000 08:05 1458940                    /lib/x86_64-linux-gnu/libdl-2.15.so
7fa2bb5d1000-7fa2bb5d5000 r-xp 00000000 08:05 262835                     /usr/lib/jvm/java-6-openjdk-amd64/jre/lib/amd64/jli/libjli.so
7fa2bb5d5000-7fa2bb7d4000 ---p 00004000 08:05 262835                     /usr/lib/jvm/java-6-openjdk-amd64/jre/lib/amd64/jli/libjli.so
7fa2bb7d4000-7fa2bb7d5000 r--p 00003000 08:05 262835                     /usr/lib/jvm/java-6-openjdk-amd64/jre/lib/amd64/jli/libjli.so
7fa2bb7d5000-7fa2bb7d6000 rw-p 00004000 08:05 262835                     /usr/lib/jvm/java-6-openjdk-amd64/jre/lib/amd64/jli/libjli.so
7fa2bb7d6000-7fa2bb7ee000 r-xp 00000000 08:05 1458943                    /lib/x86_64-linux-gnu/libpthread-2.15.so
7fa2bb7ee000-7fa2bb9ed000 ---p 00018000 08:05 1458943                    /lib/x86_64-linux-gnu/libpthread-2.15.so
7fa2bb9ed000-7fa2bb9ee000 r--p 00017000 08:05 1458943                    /lib/x86_64-linux-gnu/libpthread-2.15.so
7fa2bb9ee000-7fa2bb9ef000 rw-p 00018000 08:05 1458943                    /lib/x86_64-linux-gnu/libpthread-2.15.so
7fa2bb9ef000-7fa2bb9f3000 rw-p 00000000 00:00 0 
7fa2bb9f3000-7fa2bba15000 r-xp 00000000 08:05 1458955                    /lib/x86_64-linux-gnu/ld-2.15.so
7fa2bba33000-7fa2bba3d000 rw-p 00000000 00:00 0 
7fa2bba3d000-7fa2bbaf3000 rw-p 00000000 00:00 0 
7fa2bbaf3000-7fa2bbaf6000 ---p 00000000 00:00 0 
7fa2bbaf6000-7fa2bbbf9000 rw-p 00000000 00:00 0 
7fa2bbc09000-7fa2bbc11000 rw-s 00000000 08:05 563487                     /tmp/hsperfdata_kimrtaylor/9764
7fa2bbc11000-7fa2bbc12000 rw-p 00000000 00:00 0 
7fa2bbc12000-7fa2bbc13000 r--p 00000000 00:00 0 
7fa2bbc13000-7fa2bbc15000 rw-p 00000000 00:00 0 
7fa2bbc15000-7fa2bbc16000 r--p 00022000 08:05 1458955                    /lib/x86_64-linux-gnu/ld-2.15.so
7fa2bbc16000-7fa2bbc18000 rw-p 00023000 08:05 1458955                    /lib/x86_64-linux-gnu/ld-2.15.so
7fff6f2dd000-7fff6f2fe000 rw-p 00000000 00:00 0                          [stack]
7fff6f32c000-7fff6f32d000 r-xp 00000000 00:00 0                          [vdso]
ffffffffff600000-ffffffffff601000 r-xp 00000000 00:00 0                  [vsyscall]

VM Arguments:
jvm_args: -Dfile.encoding=UTF-8 -Xbootclasspath:/home/kimrtaylor/androidforhack/adt-bundle-linux-x86_64/sdk/platforms/android-17/android.jar 
java_command: com.example.edw.SportsXMLParser
Launcher Type: SUN_STANDARD

Environment Variables:
PATH=/usr/lib/lightdm/lightdm:/usr/local/sbin:/usr/local/bin:/usr/sbin:/usr/bin:/sbin:/bin:/usr/games
LD_LIBRARY_PATH=/usr/lib/jvm/java-6-openjdk-amd64/jre/lib/amd64/server:/usr/lib/jvm/java-6-openjdk-amd64/jre/lib/amd64:/usr/lib/jvm/java-6-openjdk-amd64/jre/../lib/amd64
SHELL=/bin/bash
DISPLAY=:0.0

Signal Handlers:
SIGSEGV: [libjvm.so+0x7852e0], sa_mask[0]=0x7ffbfeff, sa_flags=0x10000004
SIGBUS: [libjvm.so+0x7852e0], sa_mask[0]=0x7ffbfeff, sa_flags=0x10000004
SIGFPE: [libjvm.so+0x648d40], sa_mask[0]=0x7ffbfeff, sa_flags=0x10000004
SIGPIPE: [libjvm.so+0x648d40], sa_mask[0]=0x7ffbfeff, sa_flags=0x10000004
SIGXFSZ: [libjvm.so+0x648d40], sa_mask[0]=0x7ffbfeff, sa_flags=0x10000004
SIGILL: [libjvm.so+0x648d40], sa_mask[0]=0x7ffbfeff, sa_flags=0x10000004
SIGUSR1: SIG_DFL, sa_mask[0]=0x00000000, sa_flags=0x00000000
SIGUSR2: [libjvm.so+0x648ef0], sa_mask[0]=0x00000004, sa_flags=0x10000004
SIGHUP: SIG_DFL, sa_mask[0]=0x00000000, sa_flags=0x00000000
SIGINT: SIG_DFL, sa_mask[0]=0x00000000, sa_flags=0x00000000
SIGTERM: SIG_DFL, sa_mask[0]=0x00000000, sa_flags=0x00000000
SIGQUIT: SIG_DFL, sa_mask[0]=0x00000000, sa_flags=0x00000000


---------------  S Y S T E M  ---------------

OS:Ubuntu 12.04 (precise)
uname:Linux 3.2.0-37-generic #58-Ubuntu SMP Thu Jan 24 15:28:10 UTC 2013 x86_64
libc:glibc 2.15 NPTL 2.15 
rlimit: STACK 8192k, CORE 0k, NPROC 47483, NOFILE 4096, AS infinity
load average:0.10 0.20 0.28

/proc/meminfo:
MemTotal:        6095444 kB
MemFree:          210404 kB
Buffers:          277116 kB
Cached:          3220736 kB
SwapCached:         1756 kB
Active:          3532260 kB
Inactive:        1746592 kB
Active(anon):    1762380 kB
Inactive(anon):    23808 kB
Active(file):    1769880 kB
Inactive(file):  1722784 kB
Unevictable:          88 kB
Mlocked:              88 kB
SwapTotal:       6271996 kB
SwapFree:        6268952 kB
Dirty:                92 kB
Writeback:             0 kB
AnonPages:       1779572 kB
Mapped:           385096 kB
Shmem:              5184 kB
Slab:             260432 kB
SReclaimable:     224960 kB
SUnreclaim:        35472 kB
KernelStack:        4080 kB
PageTables:        39792 kB
NFS_Unstable:          0 kB
Bounce:                0 kB
WritebackTmp:          0 kB
CommitLimit:     9319716 kB
Committed_AS:    4493888 kB
VmallocTotal:   34359738367 kB
VmallocUsed:      116556 kB
VmallocChunk:   34359613720 kB
HardwareCorrupted:     0 kB
AnonHugePages:         0 kB
HugePages_Total:       0
HugePages_Free:        0
HugePages_Rsvd:        0
HugePages_Surp:        0
Hugepagesize:       2048 kB
DirectMap4k:      292864 kB
DirectMap2M:     5982208 kB


CPU:total 4 (2 cores per cpu, 2 threads per core) family 6 model 42 stepping 7, cmov, cx8, fxsr, mmx, sse, sse2, sse3, ssse3, sse4.1, sse4.2, popcnt, ht

Memory: 4k page, physical 6095444k(210404k free), swap 6271996k(6268952k free)

vm_info: OpenJDK 64-Bit Server VM (20.0-b12) for linux-amd64 JRE (1.6.0_24-b24), built on Oct 24 2012 16:17:28 by "buildd" with gcc 4.6.3

time: Wed Feb 20 16:50:20 2013
elapsed time: 0 seconds

