#
# A fatal error has been detected by the Java Runtime Environment:
#
#  Internal Error (classFileParser.cpp:3494), pid=9582, tid=140107651958528
#  Error: ShouldNotReachHere()
#
# JRE version: 6.0_24-b24
# Java VM: OpenJDK 64-Bit Server VM (20.0-b12 mixed mode linux-amd64 compressed oops)
# Derivative: IcedTea6 1.11.5
# Distribution: Ubuntu 12.04 LTS, package 6b24-1.11.5-0ubuntu1~12.04.1
# If you would like to submit a bug report, please include
# instructions how to reproduce the bug and visit:
#   https://bugs.launchpad.net/ubuntu/+source/openjdk-6/
#

---------------  T H R E A D  ---------------

Current thread (0x00007f6d54007800):  JavaThread "Unknown thread" [_thread_in_vm, id=9587, stack(0x00007f6d5ac34000,0x00007f6d5ad35000)]

Stack: [0x00007f6d5ac34000,0x00007f6d5ad35000],  sp=0x00007f6d5ad33080,  free space=1020k
Native frames: (J=compiled Java code, j=interpreted, Vv=VM code, C=native code)
V  [libjvm.so+0x7846a5]  VMError::report(outputStream*)+0x1255
V  [libjvm.so+0x784929]  VMError::report_and_die()+0x169
V  [libjvm.so+0x3bb5ea]  report_vm_error(char const*, int, char const*, char const*)+0x4a
V  [libjvm.so+0x351985]  ClassFileParser::parseClassFile(symbolHandle, Handle, Handle, KlassHandle, GrowableArray<Handle>*, symbolHandle&, bool, Thread*)+0x1545
V  [libjvm.so+0x355be3]  ClassLoader::load_classfile(symbolHandle, Thread*)+0x1f3
V  [libjvm.so+0x71c854]  SystemDictionary::load_instance_class(symbolHandle, Handle, Thread*)+0x354
V  [libjvm.so+0x71af60]  SystemDictionary::resolve_instance_class_or_null(symbolHandle, Handle, Handle, Thread*)+0x7c0
V  [libjvm.so+0x71cee3]  SystemDictionary::resolve_or_fail(symbolHandle, Handle, Handle, bool, Thread*)+0x33
V  [libjvm.so+0x71cfc4]  SystemDictionary::resolve_or_fail(symbolHandle, bool, Thread*)+0x14
V  [libjvm.so+0x71d070]  SystemDictionary::initialize_wk_klass(SystemDictionary::WKID, int, Thread*)+0xa0
V  [libjvm.so+0x71d0d9]  SystemDictionary::initialize_wk_klasses_until(SystemDictionary::WKID, SystemDictionary::WKID&, Thread*)+0x59
V  [libjvm.so+0x71d1d1]  SystemDictionary::initialize_preloaded_classes(Thread*)+0x71
V  [libjvm.so+0x760a5f]  Universe::genesis(Thread*)+0x11f
V  [libjvm.so+0x76140f]  universe2_init()+0x1f
V  [libjvm.so+0x474675]  init_globals()+0x95
V  [libjvm.so+0x74b38a]  Threads::create_vm(JavaVMInitArgs*, bool*)+0x1ea
V  [libjvm.so+0x4ce4d1]  JNI_CreateJavaVM+0x61
C  [java+0x317e]  JavaMain+0x7e


---------------  P R O C E S S  ---------------

Java Threads: ( => current thread )

Other Threads:

=>0x00007f6d54007800 (exited) JavaThread "Unknown thread" [_thread_in_vm, id=9587, stack(0x00007f6d5ac34000,0x00007f6d5ad35000)]

VM state:not at safepoint (not fully initialized)

VM Mutex/Monitor currently owned by a thread: None

Dynamic libraries:
00400000-00409000 r-xp 00000000 08:05 1067208                            /usr/lib/jvm/java-6-openjdk-amd64/jre/bin/java
00608000-00609000 r--p 00008000 08:05 1067208                            /usr/lib/jvm/java-6-openjdk-amd64/jre/bin/java
00609000-0060a000 rw-p 00009000 08:05 1067208                            /usr/lib/jvm/java-6-openjdk-amd64/jre/bin/java
00d7b000-00d9c000 rw-p 00000000 00:00 0                                  [heap]
98800000-99cc0000 rw-p 00000000 00:00 0 
99cc0000-a2e00000 rw-p 00000000 00:00 0 
a2e00000-a6c10000 rw-p 00000000 00:00 0 
a6c10000-e0f60000 rw-p 00000000 00:00 0 
e0f60000-e2e60000 rw-p 00000000 00:00 0 
e2e60000-100000000 rw-p 00000000 00:00 0 
7f6d3c000000-7f6d3c021000 rw-p 00000000 00:00 0 
7f6d3c021000-7f6d40000000 ---p 00000000 00:00 0 
7f6d40000000-7f6d40021000 rw-p 00000000 00:00 0 
7f6d40021000-7f6d44000000 ---p 00000000 00:00 0 
7f6d44000000-7f6d44021000 rw-p 00000000 00:00 0 
7f6d44021000-7f6d48000000 ---p 00000000 00:00 0 
7f6d4bf3b000-7f6d4c000000 r--s 0115c000 08:05 303789                     /home/kimrtaylor/androidforhack/adt-bundle-linux-x86_64/sdk/platforms/android-17/android.jar
7f6d4c000000-7f6d4c021000 rw-p 00000000 00:00 0 
7f6d4c021000-7f6d50000000 ---p 00000000 00:00 0 
7f6d500ad000-7f6d500ae000 ---p 00000000 00:00 0 
7f6d500ae000-7f6d501ae000 rw-p 00000000 00:00 0 
7f6d501ae000-7f6d501af000 ---p 00000000 00:00 0 
7f6d501af000-7f6d502af000 rw-p 00000000 00:00 0 
7f6d502af000-7f6d502b0000 ---p 00000000 00:00 0 
7f6d502b0000-7f6d503b0000 rw-p 00000000 00:00 0 
7f6d503b0000-7f6d503b1000 ---p 00000000 00:00 0 
7f6d503b1000-7f6d504d1000 rw-p 00000000 00:00 0 
7f6d504d1000-7f6d506a2000 rw-p 00000000 00:00 0 
7f6d506a2000-7f6d506ad000 rw-p 00000000 00:00 0 
7f6d506ad000-7f6d506f5000 rw-p 00000000 00:00 0 
7f6d506f5000-7f6d50715000 rw-p 00000000 00:00 0 
7f6d50715000-7f6d508e5000 rw-p 00000000 00:00 0 
7f6d508e5000-7f6d508f6000 rw-p 00000000 00:00 0 
7f6d508f6000-7f6d509de000 rw-p 00000000 00:00 0 
7f6d509de000-7f6d509df000 rw-p 00000000 00:00 0 
7f6d509df000-7f6d50c4f000 rwxp 00000000 00:00 0 
7f6d50c4f000-7f6d539df000 rw-p 00000000 00:00 0 
7f6d539df000-7f6d539e6000 r-xp 00000000 08:05 137934                     /usr/lib/jvm/java-6-openjdk-amd64/jre/lib/amd64/libzip.so
7f6d539e6000-7f6d53be5000 ---p 00007000 08:05 137934                     /usr/lib/jvm/java-6-openjdk-amd64/jre/lib/amd64/libzip.so
7f6d53be5000-7f6d53be6000 r--p 00006000 08:05 137934                     /usr/lib/jvm/java-6-openjdk-amd64/jre/lib/amd64/libzip.so
7f6d53be6000-7f6d53be7000 rw-p 00007000 08:05 137934                     /usr/lib/jvm/java-6-openjdk-amd64/jre/lib/amd64/libzip.so
7f6d53be7000-7f6d53bf3000 r-xp 00000000 08:05 1458951                    /lib/x86_64-linux-gnu/libnss_files-2.15.so
7f6d53bf3000-7f6d53df2000 ---p 0000c000 08:05 1458951                    /lib/x86_64-linux-gnu/libnss_files-2.15.so
7f6d53df2000-7f6d53df3000 r--p 0000b000 08:05 1458951                    /lib/x86_64-linux-gnu/libnss_files-2.15.so
7f6d53df3000-7f6d53df4000 rw-p 0000c000 08:05 1458951                    /lib/x86_64-linux-gnu/libnss_files-2.15.so
7f6d53df4000-7f6d53dfe000 r-xp 00000000 08:05 1458947                    /lib/x86_64-linux-gnu/libnss_nis-2.15.so
7f6d53dfe000-7f6d53ffe000 ---p 0000a000 08:05 1458947                    /lib/x86_64-linux-gnu/libnss_nis-2.15.so
7f6d53ffe000-7f6d53fff000 r--p 0000a000 08:05 1458947                    /lib/x86_64-linux-gnu/libnss_nis-2.15.so
7f6d53fff000-7f6d54000000 rw-p 0000b000 08:05 1458947                    /lib/x86_64-linux-gnu/libnss_nis-2.15.so
7f6d54000000-7f6d5407f000 rw-p 00000000 00:00 0 
7f6d5407f000-7f6d58000000 ---p 00000000 00:00 0 
7f6d58078000-7f6d580ab000 rw-p 00000000 00:00 0 
7f6d580ab000-7f6d580f3000 rw-p 00000000 00:00 0 
7f6d580f3000-7f6d5810a000 r-xp 00000000 08:05 1458960                    /lib/x86_64-linux-gnu/libnsl-2.15.so
7f6d5810a000-7f6d58309000 ---p 00017000 08:05 1458960                    /lib/x86_64-linux-gnu/libnsl-2.15.so
7f6d58309000-7f6d5830a000 r--p 00016000 08:05 1458960                    /lib/x86_64-linux-gnu/libnsl-2.15.so
7f6d5830a000-7f6d5830b000 rw-p 00017000 08:05 1458960                    /lib/x86_64-linux-gnu/libnsl-2.15.so
7f6d5830b000-7f6d5830d000 rw-p 00000000 00:00 0 
7f6d5830d000-7f6d58315000 r-xp 00000000 08:05 1458952                    /lib/x86_64-linux-gnu/libnss_compat-2.15.so
7f6d58315000-7f6d58514000 ---p 00008000 08:05 1458952                    /lib/x86_64-linux-gnu/libnss_compat-2.15.so
7f6d58514000-7f6d58515000 r--p 00007000 08:05 1458952                    /lib/x86_64-linux-gnu/libnss_compat-2.15.so
7f6d58515000-7f6d58516000 rw-p 00008000 08:05 1458952                    /lib/x86_64-linux-gnu/libnss_compat-2.15.so
7f6d58516000-7f6d58542000 r-xp 00000000 08:05 134126                     /usr/lib/jvm/java-6-openjdk-amd64/jre/lib/amd64/libjava.so
7f6d58542000-7f6d58741000 ---p 0002c000 08:05 134126                     /usr/lib/jvm/java-6-openjdk-amd64/jre/lib/amd64/libjava.so
7f6d58741000-7f6d58742000 r--p 0002b000 08:05 134126                     /usr/lib/jvm/java-6-openjdk-amd64/jre/lib/amd64/libjava.so
7f6d58742000-7f6d58745000 rw-p 0002c000 08:05 134126                     /usr/lib/jvm/java-6-openjdk-amd64/jre/lib/amd64/libjava.so
7f6d58745000-7f6d58753000 r-xp 00000000 08:05 134994                     /usr/lib/jvm/java-6-openjdk-amd64/jre/lib/amd64/libverify.so
7f6d58753000-7f6d58952000 ---p 0000e000 08:05 134994                     /usr/lib/jvm/java-6-openjdk-amd64/jre/lib/amd64/libverify.so
7f6d58952000-7f6d58954000 r--p 0000d000 08:05 134994                     /usr/lib/jvm/java-6-openjdk-amd64/jre/lib/amd64/libverify.so
7f6d58954000-7f6d58955000 rw-p 0000f000 08:05 134994                     /usr/lib/jvm/java-6-openjdk-amd64/jre/lib/amd64/libverify.so
7f6d58955000-7f6d5895c000 r-xp 00000000 08:05 1458945                    /lib/x86_64-linux-gnu/librt-2.15.so
7f6d5895c000-7f6d58b5b000 ---p 00007000 08:05 1458945                    /lib/x86_64-linux-gnu/librt-2.15.so
7f6d58b5b000-7f6d58b5c000 r--p 00006000 08:05 1458945                    /lib/x86_64-linux-gnu/librt-2.15.so
7f6d58b5c000-7f6d58b5d000 rw-p 00007000 08:05 1458945                    /lib/x86_64-linux-gnu/librt-2.15.so
7f6d58b5d000-7f6d58b72000 r-xp 00000000 08:05 1442866                    /lib/x86_64-linux-gnu/libgcc_s.so.1
7f6d58b72000-7f6d58d71000 ---p 00015000 08:05 1442866                    /lib/x86_64-linux-gnu/libgcc_s.so.1
7f6d58d71000-7f6d58d72000 r--p 00014000 08:05 1442866                    /lib/x86_64-linux-gnu/libgcc_s.so.1
7f6d58d72000-7f6d58d73000 rw-p 00015000 08:05 1442866                    /lib/x86_64-linux-gnu/libgcc_s.so.1
7f6d58d73000-7f6d58e6e000 r-xp 00000000 08:05 1458949                    /lib/x86_64-linux-gnu/libm-2.15.so
7f6d58e6e000-7f6d5906d000 ---p 000fb000 08:05 1458949                    /lib/x86_64-linux-gnu/libm-2.15.so
7f6d5906d000-7f6d5906e000 r--p 000fa000 08:05 1458949                    /lib/x86_64-linux-gnu/libm-2.15.so
7f6d5906e000-7f6d5906f000 rw-p 000fb000 08:05 1458949                    /lib/x86_64-linux-gnu/libm-2.15.so
7f6d5906f000-7f6d59151000 r-xp 00000000 08:05 1839928                    /usr/lib/x86_64-linux-gnu/libstdc++.so.6.0.16
7f6d59151000-7f6d59350000 ---p 000e2000 08:05 1839928                    /usr/lib/x86_64-linux-gnu/libstdc++.so.6.0.16
7f6d59350000-7f6d59358000 r--p 000e1000 08:05 1839928                    /usr/lib/x86_64-linux-gnu/libstdc++.so.6.0.16
7f6d59358000-7f6d5935a000 rw-p 000e9000 08:05 1839928                    /usr/lib/x86_64-linux-gnu/libstdc++.so.6.0.16
7f6d5935a000-7f6d5936f000 rw-p 00000000 00:00 0 
7f6d5936f000-7f6d59c74000 r-xp 00000000 08:05 392455                     /usr/lib/jvm/java-6-openjdk-amd64/jre/lib/amd64/server/libjvm.so
7f6d59c74000-7f6d59e74000 ---p 00905000 08:05 392455                     /usr/lib/jvm/java-6-openjdk-amd64/jre/lib/amd64/server/libjvm.so
7f6d59e74000-7f6d59ef4000 r--p 00905000 08:05 392455                     /usr/lib/jvm/java-6-openjdk-amd64/jre/lib/amd64/server/libjvm.so
7f6d59ef4000-7f6d59f0f000 rw-p 00985000 08:05 392455                     /usr/lib/jvm/java-6-openjdk-amd64/jre/lib/amd64/server/libjvm.so
7f6d59f0f000-7f6d59f38000 rw-p 00000000 00:00 0 
7f6d59f38000-7f6d59f4e000 r-xp 00000000 08:05 1442956                    /lib/x86_64-linux-gnu/libz.so.1.2.3.4
7f6d59f4e000-7f6d5a14d000 ---p 00016000 08:05 1442956                    /lib/x86_64-linux-gnu/libz.so.1.2.3.4
7f6d5a14d000-7f6d5a14e000 r--p 00015000 08:05 1442956                    /lib/x86_64-linux-gnu/libz.so.1.2.3.4
7f6d5a14e000-7f6d5a14f000 rw-p 00016000 08:05 1442956                    /lib/x86_64-linux-gnu/libz.so.1.2.3.4
7f6d5a14f000-7f6d5a304000 r-xp 00000000 08:05 1458941                    /lib/x86_64-linux-gnu/libc-2.15.so
7f6d5a304000-7f6d5a503000 ---p 001b5000 08:05 1458941                    /lib/x86_64-linux-gnu/libc-2.15.so
7f6d5a503000-7f6d5a507000 r--p 001b4000 08:05 1458941                    /lib/x86_64-linux-gnu/libc-2.15.so
7f6d5a507000-7f6d5a509000 rw-p 001b8000 08:05 1458941                    /lib/x86_64-linux-gnu/libc-2.15.so
7f6d5a509000-7f6d5a50e000 rw-p 00000000 00:00 0 
7f6d5a50e000-7f6d5a510000 r-xp 00000000 08:05 1458940                    /lib/x86_64-linux-gnu/libdl-2.15.so
7f6d5a510000-7f6d5a710000 ---p 00002000 08:05 1458940                    /lib/x86_64-linux-gnu/libdl-2.15.so
7f6d5a710000-7f6d5a711000 r--p 00002000 08:05 1458940                    /lib/x86_64-linux-gnu/libdl-2.15.so
7f6d5a711000-7f6d5a712000 rw-p 00003000 08:05 1458940                    /lib/x86_64-linux-gnu/libdl-2.15.so
7f6d5a712000-7f6d5a716000 r-xp 00000000 08:05 262835                     /usr/lib/jvm/java-6-openjdk-amd64/jre/lib/amd64/jli/libjli.so
7f6d5a716000-7f6d5a915000 ---p 00004000 08:05 262835                     /usr/lib/jvm/java-6-openjdk-amd64/jre/lib/amd64/jli/libjli.so
7f6d5a915000-7f6d5a916000 r--p 00003000 08:05 262835                     /usr/lib/jvm/java-6-openjdk-amd64/jre/lib/amd64/jli/libjli.so
7f6d5a916000-7f6d5a917000 rw-p 00004000 08:05 262835                     /usr/lib/jvm/java-6-openjdk-amd64/jre/lib/amd64/jli/libjli.so
7f6d5a917000-7f6d5a92f000 r-xp 00000000 08:05 1458943                    /lib/x86_64-linux-gnu/libpthread-2.15.so
7f6d5a92f000-7f6d5ab2e000 ---p 00018000 08:05 1458943                    /lib/x86_64-linux-gnu/libpthread-2.15.so
7f6d5ab2e000-7f6d5ab2f000 r--p 00017000 08:05 1458943                    /lib/x86_64-linux-gnu/libpthread-2.15.so
7f6d5ab2f000-7f6d5ab30000 rw-p 00018000 08:05 1458943                    /lib/x86_64-linux-gnu/libpthread-2.15.so
7f6d5ab30000-7f6d5ab34000 rw-p 00000000 00:00 0 
7f6d5ab34000-7f6d5ab56000 r-xp 00000000 08:05 1458955                    /lib/x86_64-linux-gnu/ld-2.15.so
7f6d5ab74000-7f6d5ab7e000 rw-p 00000000 00:00 0 
7f6d5ab7e000-7f6d5ac34000 rw-p 00000000 00:00 0 
7f6d5ac34000-7f6d5ac37000 ---p 00000000 00:00 0 
7f6d5ac37000-7f6d5ad3a000 rw-p 00000000 00:00 0 
7f6d5ad4a000-7f6d5ad52000 rw-s 00000000 08:05 563487                     /tmp/hsperfdata_kimrtaylor/9582
7f6d5ad52000-7f6d5ad53000 rw-p 00000000 00:00 0 
7f6d5ad53000-7f6d5ad54000 r--p 00000000 00:00 0 
7f6d5ad54000-7f6d5ad56000 rw-p 00000000 00:00 0 
7f6d5ad56000-7f6d5ad57000 r--p 00022000 08:05 1458955                    /lib/x86_64-linux-gnu/ld-2.15.so
7f6d5ad57000-7f6d5ad59000 rw-p 00023000 08:05 1458955                    /lib/x86_64-linux-gnu/ld-2.15.so
7fff6adb4000-7fff6add5000 rw-p 00000000 00:00 0                          [stack]
7fff6adff000-7fff6ae00000 r-xp 00000000 00:00 0                          [vdso]
ffffffffff600000-ffffffffff601000 r-xp 00000000 00:00 0                  [vsyscall]

VM Arguments:
jvm_args: -Dfile.encoding=UTF-8 -Xbootclasspath:/home/kimrtaylor/androidforhack/adt-bundle-linux-x86_64/sdk/platforms/android-17/android.jar 
java_command: com.example.edw.SportsXMLParser
Launcher Type: SUN_STANDARD

Environment Variables:
PATH=/usr/lib/lightdm/lightdm:/usr/local/sbin:/usr/local/bin:/usr/sbin:/usr/bin:/sbin:/bin:/usr/games
LD_LIBRARY_PATH=/usr/lib/jvm/java-6-openjdk-amd64/jre/lib/amd64/server:/usr/lib/jvm/java-6-openjdk-amd64/jre/lib/amd64:/usr/lib/jvm/java-6-openjdk-amd64/jre/../lib/amd64
SHELL=/bin/bash
DISPLAY=:0.0

Signal Handlers:
SIGSEGV: [libjvm.so+0x7852e0], sa_mask[0]=0x7ffbfeff, sa_flags=0x10000004
SIGBUS: [libjvm.so+0x7852e0], sa_mask[0]=0x7ffbfeff, sa_flags=0x10000004
SIGFPE: [libjvm.so+0x648d40], sa_mask[0]=0x7ffbfeff, sa_flags=0x10000004
SIGPIPE: [libjvm.so+0x648d40], sa_mask[0]=0x7ffbfeff, sa_flags=0x10000004
SIGXFSZ: [libjvm.so+0x648d40], sa_mask[0]=0x7ffbfeff, sa_flags=0x10000004
SIGILL: [libjvm.so+0x648d40], sa_mask[0]=0x7ffbfeff, sa_flags=0x10000004
SIGUSR1: SIG_DFL, sa_mask[0]=0x00000000, sa_flags=0x00000000
SIGUSR2: [libjvm.so+0x648ef0], sa_mask[0]=0x00000004, sa_flags=0x10000004
SIGHUP: SIG_DFL, sa_mask[0]=0x00000000, sa_flags=0x00000000
SIGINT: SIG_DFL, sa_mask[0]=0x00000000, sa_flags=0x00000000
SIGTERM: SIG_DFL, sa_mask[0]=0x00000000, sa_flags=0x00000000
SIGQUIT: SIG_DFL, sa_mask[0]=0x00000000, sa_flags=0x00000000


---------------  S Y S T E M  ---------------

OS:Ubuntu 12.04 (precise)
uname:Linux 3.2.0-37-generic #58-Ubuntu SMP Thu Jan 24 15:28:10 UTC 2013 x86_64
libc:glibc 2.15 NPTL 2.15 
rlimit: STACK 8192k, CORE 0k, NPROC 47483, NOFILE 4096, AS infinity
load average:0.29 0.25 0.30

/proc/meminfo:
MemTotal:        6095444 kB
MemFree:          230908 kB
Buffers:          276996 kB
Cached:          3220588 kB
SwapCached:         1756 kB
Active:          3510780 kB
Inactive:        1746520 kB
Active(anon):    1741024 kB
Inactive(anon):    23832 kB
Active(file):    1769756 kB
Inactive(file):  1722688 kB
Unevictable:          88 kB
Mlocked:              88 kB
SwapTotal:       6271996 kB
SwapFree:        6268952 kB
Dirty:               796 kB
Writeback:             0 kB
AnonPages:       1758068 kB
Mapped:           385120 kB
Shmem:              5140 kB
Slab:             260424 kB
SReclaimable:     225056 kB
SUnreclaim:        35368 kB
KernelStack:        4048 kB
PageTables:        39736 kB
NFS_Unstable:          0 kB
Bounce:                0 kB
WritebackTmp:          0 kB
CommitLimit:     9319716 kB
Committed_AS:    4466376 kB
VmallocTotal:   34359738367 kB
VmallocUsed:      116556 kB
VmallocChunk:   34359613720 kB
HardwareCorrupted:     0 kB
AnonHugePages:         0 kB
HugePages_Total:       0
HugePages_Free:        0
HugePages_Rsvd:        0
HugePages_Surp:        0
Hugepagesize:       2048 kB
DirectMap4k:      292864 kB
DirectMap2M:     5982208 kB


CPU:total 4 (2 cores per cpu, 2 threads per core) family 6 model 42 stepping 7, cmov, cx8, fxsr, mmx, sse, sse2, sse3, ssse3, sse4.1, sse4.2, popcnt, ht

Memory: 4k page, physical 6095444k(230908k free), swap 6271996k(6268952k free)

vm_info: OpenJDK 64-Bit Server VM (20.0-b12) for linux-amd64 JRE (1.6.0_24-b24), built on Oct 24 2012 16:17:28 by "buildd" with gcc 4.6.3

time: Wed Feb 20 16:48:33 2013
elapsed time: 0 seconds

