#
# A fatal error has been detected by the Java Runtime Environment:
#
#  Internal Error (classFileParser.cpp:3494), pid=10072, tid=139844986541824
#  Error: ShouldNotReachHere()
#
# JRE version: 6.0_24-b24
# Java VM: OpenJDK 64-Bit Server VM (20.0-b12 mixed mode linux-amd64 compressed oops)
# Derivative: IcedTea6 1.11.5
# Distribution: Ubuntu 12.04 LTS, package 6b24-1.11.5-0ubuntu1~12.04.1
# If you would like to submit a bug report, please include
# instructions how to reproduce the bug and visit:
#   https://bugs.launchpad.net/ubuntu/+source/openjdk-6/
#

---------------  T H R E A D  ---------------

Current thread (0x00007f302c007800):  JavaThread "Unknown thread" [_thread_in_vm, id=10077, stack(0x00007f3032af1000,0x00007f3032bf2000)]

Stack: [0x00007f3032af1000,0x00007f3032bf2000],  sp=0x00007f3032bf0080,  free space=1020k
Native frames: (J=compiled Java code, j=interpreted, Vv=VM code, C=native code)
V  [libjvm.so+0x7846a5]  VMError::report(outputStream*)+0x1255
V  [libjvm.so+0x784929]  VMError::report_and_die()+0x169
V  [libjvm.so+0x3bb5ea]  report_vm_error(char const*, int, char const*, char const*)+0x4a
V  [libjvm.so+0x351985]  ClassFileParser::parseClassFile(symbolHandle, Handle, Handle, KlassHandle, GrowableArray<Handle>*, symbolHandle&, bool, Thread*)+0x1545
V  [libjvm.so+0x355be3]  ClassLoader::load_classfile(symbolHandle, Thread*)+0x1f3
V  [libjvm.so+0x71c854]  SystemDictionary::load_instance_class(symbolHandle, Handle, Thread*)+0x354
V  [libjvm.so+0x71af60]  SystemDictionary::resolve_instance_class_or_null(symbolHandle, Handle, Handle, Thread*)+0x7c0
V  [libjvm.so+0x71cee3]  SystemDictionary::resolve_or_fail(symbolHandle, Handle, Handle, bool, Thread*)+0x33
V  [libjvm.so+0x71cfc4]  SystemDictionary::resolve_or_fail(symbolHandle, bool, Thread*)+0x14
V  [libjvm.so+0x71d070]  SystemDictionary::initialize_wk_klass(SystemDictionary::WKID, int, Thread*)+0xa0
V  [libjvm.so+0x71d0d9]  SystemDictionary::initialize_wk_klasses_until(SystemDictionary::WKID, SystemDictionary::WKID&, Thread*)+0x59
V  [libjvm.so+0x71d1d1]  SystemDictionary::initialize_preloaded_classes(Thread*)+0x71
V  [libjvm.so+0x760a5f]  Universe::genesis(Thread*)+0x11f
V  [libjvm.so+0x76140f]  universe2_init()+0x1f
V  [libjvm.so+0x474675]  init_globals()+0x95
V  [libjvm.so+0x74b38a]  Threads::create_vm(JavaVMInitArgs*, bool*)+0x1ea
V  [libjvm.so+0x4ce4d1]  JNI_CreateJavaVM+0x61
C  [java+0x317e]  JavaMain+0x7e


---------------  P R O C E S S  ---------------

Java Threads: ( => current thread )

Other Threads:

=>0x00007f302c007800 (exited) JavaThread "Unknown thread" [_thread_in_vm, id=10077, stack(0x00007f3032af1000,0x00007f3032bf2000)]

VM state:not at safepoint (not fully initialized)

VM Mutex/Monitor currently owned by a thread: None

Dynamic libraries:
00400000-00409000 r-xp 00000000 08:05 1067208                            /usr/lib/jvm/java-6-openjdk-amd64/jre/bin/java
00608000-00609000 r--p 00008000 08:05 1067208                            /usr/lib/jvm/java-6-openjdk-amd64/jre/bin/java
00609000-0060a000 rw-p 00009000 08:05 1067208                            /usr/lib/jvm/java-6-openjdk-amd64/jre/bin/java
00e8b000-00eac000 rw-p 00000000 00:00 0                                  [heap]
98800000-99cc0000 rw-p 00000000 00:00 0 
99cc0000-a2e00000 rw-p 00000000 00:00 0 
a2e00000-a6c10000 rw-p 00000000 00:00 0 
a6c10000-e0f60000 rw-p 00000000 00:00 0 
e0f60000-e2e60000 rw-p 00000000 00:00 0 
e2e60000-100000000 rw-p 00000000 00:00 0 
7f3010000000-7f3010021000 rw-p 00000000 00:00 0 
7f3010021000-7f3014000000 ---p 00000000 00:00 0 
7f3018000000-7f3018021000 rw-p 00000000 00:00 0 
7f3018021000-7f301c000000 ---p 00000000 00:00 0 
7f301c000000-7f301c021000 rw-p 00000000 00:00 0 
7f301c021000-7f3020000000 ---p 00000000 00:00 0 
7f3020000000-7f3020021000 rw-p 00000000 00:00 0 
7f3020021000-7f3024000000 ---p 00000000 00:00 0 
7f3027ecf000-7f3027f94000 r--s 0115c000 08:05 303789                     /home/kimrtaylor/androidforhack/adt-bundle-linux-x86_64/sdk/platforms/android-17/android.jar
7f3027f94000-7f3027f95000 ---p 00000000 00:00 0 
7f3027f95000-7f3028095000 rw-p 00000000 00:00 0 
7f3028095000-7f3028096000 ---p 00000000 00:00 0 
7f3028096000-7f3028196000 rw-p 00000000 00:00 0 
7f3028196000-7f3028197000 ---p 00000000 00:00 0 
7f3028197000-7f30282b7000 rw-p 00000000 00:00 0 
7f30282b7000-7f3028488000 rw-p 00000000 00:00 0 
7f3028488000-7f3028493000 rw-p 00000000 00:00 0 
7f3028493000-7f30284db000 rw-p 00000000 00:00 0 
7f30284db000-7f30284fb000 rw-p 00000000 00:00 0 
7f30284fb000-7f30286cb000 rw-p 00000000 00:00 0 
7f30286cb000-7f30286dc000 rw-p 00000000 00:00 0 
7f30286dc000-7f30287c4000 rw-p 00000000 00:00 0 
7f30287c4000-7f30287c5000 rw-p 00000000 00:00 0 
7f30287c5000-7f3028a35000 rwxp 00000000 00:00 0 
7f3028a35000-7f302b7c5000 rw-p 00000000 00:00 0 
7f302b7c5000-7f302b7cc000 r-xp 00000000 08:05 137934                     /usr/lib/jvm/java-6-openjdk-amd64/jre/lib/amd64/libzip.so
7f302b7cc000-7f302b9cb000 ---p 00007000 08:05 137934                     /usr/lib/jvm/java-6-openjdk-amd64/jre/lib/amd64/libzip.so
7f302b9cb000-7f302b9cc000 r--p 00006000 08:05 137934                     /usr/lib/jvm/java-6-openjdk-amd64/jre/lib/amd64/libzip.so
7f302b9cc000-7f302b9cd000 rw-p 00007000 08:05 137934                     /usr/lib/jvm/java-6-openjdk-amd64/jre/lib/amd64/libzip.so
7f302b9cd000-7f302b9d9000 r-xp 00000000 08:05 1458951                    /lib/x86_64-linux-gnu/libnss_files-2.15.so
7f302b9d9000-7f302bbd8000 ---p 0000c000 08:05 1458951                    /lib/x86_64-linux-gnu/libnss_files-2.15.so
7f302bbd8000-7f302bbd9000 r--p 0000b000 08:05 1458951                    /lib/x86_64-linux-gnu/libnss_files-2.15.so
7f302bbd9000-7f302bbda000 rw-p 0000c000 08:05 1458951                    /lib/x86_64-linux-gnu/libnss_files-2.15.so
7f302bbda000-7f302bbe4000 r-xp 00000000 08:05 1458947                    /lib/x86_64-linux-gnu/libnss_nis-2.15.so
7f302bbe4000-7f302bde4000 ---p 0000a000 08:05 1458947                    /lib/x86_64-linux-gnu/libnss_nis-2.15.so
7f302bde4000-7f302bde5000 r--p 0000a000 08:05 1458947                    /lib/x86_64-linux-gnu/libnss_nis-2.15.so
7f302bde5000-7f302bde6000 rw-p 0000b000 08:05 1458947                    /lib/x86_64-linux-gnu/libnss_nis-2.15.so
7f302bde6000-7f302bdfd000 r-xp 00000000 08:05 1458960                    /lib/x86_64-linux-gnu/libnsl-2.15.so
7f302bdfd000-7f302bffc000 ---p 00017000 08:05 1458960                    /lib/x86_64-linux-gnu/libnsl-2.15.so
7f302bffc000-7f302bffd000 r--p 00016000 08:05 1458960                    /lib/x86_64-linux-gnu/libnsl-2.15.so
7f302bffd000-7f302bffe000 rw-p 00017000 08:05 1458960                    /lib/x86_64-linux-gnu/libnsl-2.15.so
7f302bffe000-7f302c000000 rw-p 00000000 00:00 0 
7f302c000000-7f302c07f000 rw-p 00000000 00:00 0 
7f302c07f000-7f3030000000 ---p 00000000 00:00 0 
7f303004e000-7f3030076000 rw-p 00000000 00:00 0 
7f3030076000-7f3030077000 ---p 00000000 00:00 0 
7f3030077000-7f3030182000 rw-p 00000000 00:00 0 
7f3030182000-7f30301ca000 rw-p 00000000 00:00 0 
7f30301ca000-7f30301d2000 r-xp 00000000 08:05 1458952                    /lib/x86_64-linux-gnu/libnss_compat-2.15.so
7f30301d2000-7f30303d1000 ---p 00008000 08:05 1458952                    /lib/x86_64-linux-gnu/libnss_compat-2.15.so
7f30303d1000-7f30303d2000 r--p 00007000 08:05 1458952                    /lib/x86_64-linux-gnu/libnss_compat-2.15.so
7f30303d2000-7f30303d3000 rw-p 00008000 08:05 1458952                    /lib/x86_64-linux-gnu/libnss_compat-2.15.so
7f30303d3000-7f30303ff000 r-xp 00000000 08:05 134126                     /usr/lib/jvm/java-6-openjdk-amd64/jre/lib/amd64/libjava.so
7f30303ff000-7f30305fe000 ---p 0002c000 08:05 134126                     /usr/lib/jvm/java-6-openjdk-amd64/jre/lib/amd64/libjava.so
7f30305fe000-7f30305ff000 r--p 0002b000 08:05 134126                     /usr/lib/jvm/java-6-openjdk-amd64/jre/lib/amd64/libjava.so
7f30305ff000-7f3030602000 rw-p 0002c000 08:05 134126                     /usr/lib/jvm/java-6-openjdk-amd64/jre/lib/amd64/libjava.so
7f3030602000-7f3030610000 r-xp 00000000 08:05 134994                     /usr/lib/jvm/java-6-openjdk-amd64/jre/lib/amd64/libverify.so
7f3030610000-7f303080f000 ---p 0000e000 08:05 134994                     /usr/lib/jvm/java-6-openjdk-amd64/jre/lib/amd64/libverify.so
7f303080f000-7f3030811000 r--p 0000d000 08:05 134994                     /usr/lib/jvm/java-6-openjdk-amd64/jre/lib/amd64/libverify.so
7f3030811000-7f3030812000 rw-p 0000f000 08:05 134994                     /usr/lib/jvm/java-6-openjdk-amd64/jre/lib/amd64/libverify.so
7f3030812000-7f3030819000 r-xp 00000000 08:05 1458945                    /lib/x86_64-linux-gnu/librt-2.15.so
7f3030819000-7f3030a18000 ---p 00007000 08:05 1458945                    /lib/x86_64-linux-gnu/librt-2.15.so
7f3030a18000-7f3030a19000 r--p 00006000 08:05 1458945                    /lib/x86_64-linux-gnu/librt-2.15.so
7f3030a19000-7f3030a1a000 rw-p 00007000 08:05 1458945                    /lib/x86_64-linux-gnu/librt-2.15.so
7f3030a1a000-7f3030a2f000 r-xp 00000000 08:05 1442866                    /lib/x86_64-linux-gnu/libgcc_s.so.1
7f3030a2f000-7f3030c2e000 ---p 00015000 08:05 1442866                    /lib/x86_64-linux-gnu/libgcc_s.so.1
7f3030c2e000-7f3030c2f000 r--p 00014000 08:05 1442866                    /lib/x86_64-linux-gnu/libgcc_s.so.1
7f3030c2f000-7f3030c30000 rw-p 00015000 08:05 1442866                    /lib/x86_64-linux-gnu/libgcc_s.so.1
7f3030c30000-7f3030d2b000 r-xp 00000000 08:05 1458949                    /lib/x86_64-linux-gnu/libm-2.15.so
7f3030d2b000-7f3030f2a000 ---p 000fb000 08:05 1458949                    /lib/x86_64-linux-gnu/libm-2.15.so
7f3030f2a000-7f3030f2b000 r--p 000fa000 08:05 1458949                    /lib/x86_64-linux-gnu/libm-2.15.so
7f3030f2b000-7f3030f2c000 rw-p 000fb000 08:05 1458949                    /lib/x86_64-linux-gnu/libm-2.15.so
7f3030f2c000-7f303100e000 r-xp 00000000 08:05 1839928                    /usr/lib/x86_64-linux-gnu/libstdc++.so.6.0.16
7f303100e000-7f303120d000 ---p 000e2000 08:05 1839928                    /usr/lib/x86_64-linux-gnu/libstdc++.so.6.0.16
7f303120d000-7f3031215000 r--p 000e1000 08:05 1839928                    /usr/lib/x86_64-linux-gnu/libstdc++.so.6.0.16
7f3031215000-7f3031217000 rw-p 000e9000 08:05 1839928                    /usr/lib/x86_64-linux-gnu/libstdc++.so.6.0.16
7f3031217000-7f303122c000 rw-p 00000000 00:00 0 
7f303122c000-7f3031b31000 r-xp 00000000 08:05 392455                     /usr/lib/jvm/java-6-openjdk-amd64/jre/lib/amd64/server/libjvm.so
7f3031b31000-7f3031d31000 ---p 00905000 08:05 392455                     /usr/lib/jvm/java-6-openjdk-amd64/jre/lib/amd64/server/libjvm.so
7f3031d31000-7f3031db1000 r--p 00905000 08:05 392455                     /usr/lib/jvm/java-6-openjdk-amd64/jre/lib/amd64/server/libjvm.so
7f3031db1000-7f3031dcc000 rw-p 00985000 08:05 392455                     /usr/lib/jvm/java-6-openjdk-amd64/jre/lib/amd64/server/libjvm.so
7f3031dcc000-7f3031df5000 rw-p 00000000 00:00 0 
7f3031df5000-7f3031e0b000 r-xp 00000000 08:05 1442956                    /lib/x86_64-linux-gnu/libz.so.1.2.3.4
7f3031e0b000-7f303200a000 ---p 00016000 08:05 1442956                    /lib/x86_64-linux-gnu/libz.so.1.2.3.4
7f303200a000-7f303200b000 r--p 00015000 08:05 1442956                    /lib/x86_64-linux-gnu/libz.so.1.2.3.4
7f303200b000-7f303200c000 rw-p 00016000 08:05 1442956                    /lib/x86_64-linux-gnu/libz.so.1.2.3.4
7f303200c000-7f30321c1000 r-xp 00000000 08:05 1458941                    /lib/x86_64-linux-gnu/libc-2.15.so
7f30321c1000-7f30323c0000 ---p 001b5000 08:05 1458941                    /lib/x86_64-linux-gnu/libc-2.15.so
7f30323c0000-7f30323c4000 r--p 001b4000 08:05 1458941                    /lib/x86_64-linux-gnu/libc-2.15.so
7f30323c4000-7f30323c6000 rw-p 001b8000 08:05 1458941                    /lib/x86_64-linux-gnu/libc-2.15.so
7f30323c6000-7f30323cb000 rw-p 00000000 00:00 0 
7f30323cb000-7f30323cd000 r-xp 00000000 08:05 1458940                    /lib/x86_64-linux-gnu/libdl-2.15.so
7f30323cd000-7f30325cd000 ---p 00002000 08:05 1458940                    /lib/x86_64-linux-gnu/libdl-2.15.so
7f30325cd000-7f30325ce000 r--p 00002000 08:05 1458940                    /lib/x86_64-linux-gnu/libdl-2.15.so
7f30325ce000-7f30325cf000 rw-p 00003000 08:05 1458940                    /lib/x86_64-linux-gnu/libdl-2.15.so
7f30325cf000-7f30325d3000 r-xp 00000000 08:05 262835                     /usr/lib/jvm/java-6-openjdk-amd64/jre/lib/amd64/jli/libjli.so
7f30325d3000-7f30327d2000 ---p 00004000 08:05 262835                     /usr/lib/jvm/java-6-openjdk-amd64/jre/lib/amd64/jli/libjli.so
7f30327d2000-7f30327d3000 r--p 00003000 08:05 262835                     /usr/lib/jvm/java-6-openjdk-amd64/jre/lib/amd64/jli/libjli.so
7f30327d3000-7f30327d4000 rw-p 00004000 08:05 262835                     /usr/lib/jvm/java-6-openjdk-amd64/jre/lib/amd64/jli/libjli.so
7f30327d4000-7f30327ec000 r-xp 00000000 08:05 1458943                    /lib/x86_64-linux-gnu/libpthread-2.15.so
7f30327ec000-7f30329eb000 ---p 00018000 08:05 1458943                    /lib/x86_64-linux-gnu/libpthread-2.15.so
7f30329eb000-7f30329ec000 r--p 00017000 08:05 1458943                    /lib/x86_64-linux-gnu/libpthread-2.15.so
7f30329ec000-7f30329ed000 rw-p 00018000 08:05 1458943                    /lib/x86_64-linux-gnu/libpthread-2.15.so
7f30329ed000-7f30329f1000 rw-p 00000000 00:00 0 
7f30329f1000-7f3032a13000 r-xp 00000000 08:05 1458955                    /lib/x86_64-linux-gnu/ld-2.15.so
7f3032a31000-7f3032a3b000 rw-p 00000000 00:00 0 
7f3032a3b000-7f3032af1000 rw-p 00000000 00:00 0 
7f3032af1000-7f3032af4000 ---p 00000000 00:00 0 
7f3032af4000-7f3032bf7000 rw-p 00000000 00:00 0 
7f3032c07000-7f3032c0f000 rw-s 00000000 08:05 563487                     /tmp/hsperfdata_kimrtaylor/10072
7f3032c0f000-7f3032c10000 rw-p 00000000 00:00 0 
7f3032c10000-7f3032c11000 r--p 00000000 00:00 0 
7f3032c11000-7f3032c13000 rw-p 00000000 00:00 0 
7f3032c13000-7f3032c14000 r--p 00022000 08:05 1458955                    /lib/x86_64-linux-gnu/ld-2.15.so
7f3032c14000-7f3032c16000 rw-p 00023000 08:05 1458955                    /lib/x86_64-linux-gnu/ld-2.15.so
7fffe7d48000-7fffe7d69000 rw-p 00000000 00:00 0                          [stack]
7fffe7dff000-7fffe7e00000 r-xp 00000000 00:00 0                          [vdso]
ffffffffff600000-ffffffffff601000 r-xp 00000000 00:00 0                  [vsyscall]

VM Arguments:
jvm_args: -Dfile.encoding=UTF-8 -Xbootclasspath:/home/kimrtaylor/androidforhack/adt-bundle-linux-x86_64/sdk/platforms/android-17/android.jar 
java_command: com.example.edw.SportsXMLParser
Launcher Type: SUN_STANDARD

Environment Variables:
PATH=/usr/lib/lightdm/lightdm:/usr/local/sbin:/usr/local/bin:/usr/sbin:/usr/bin:/sbin:/bin:/usr/games
LD_LIBRARY_PATH=/usr/lib/jvm/java-6-openjdk-amd64/jre/lib/amd64/server:/usr/lib/jvm/java-6-openjdk-amd64/jre/lib/amd64:/usr/lib/jvm/java-6-openjdk-amd64/jre/../lib/amd64
SHELL=/bin/bash
DISPLAY=:0.0

Signal Handlers:
SIGSEGV: [libjvm.so+0x7852e0], sa_mask[0]=0x7ffbfeff, sa_flags=0x10000004
SIGBUS: [libjvm.so+0x7852e0], sa_mask[0]=0x7ffbfeff, sa_flags=0x10000004
SIGFPE: [libjvm.so+0x648d40], sa_mask[0]=0x7ffbfeff, sa_flags=0x10000004
SIGPIPE: [libjvm.so+0x648d40], sa_mask[0]=0x7ffbfeff, sa_flags=0x10000004
SIGXFSZ: [libjvm.so+0x648d40], sa_mask[0]=0x7ffbfeff, sa_flags=0x10000004
SIGILL: [libjvm.so+0x648d40], sa_mask[0]=0x7ffbfeff, sa_flags=0x10000004
SIGUSR1: SIG_DFL, sa_mask[0]=0x00000000, sa_flags=0x00000000
SIGUSR2: [libjvm.so+0x648ef0], sa_mask[0]=0x00000004, sa_flags=0x10000004
SIGHUP: SIG_DFL, sa_mask[0]=0x00000000, sa_flags=0x00000000
SIGINT: SIG_DFL, sa_mask[0]=0x00000000, sa_flags=0x00000000
SIGTERM: SIG_DFL, sa_mask[0]=0x00000000, sa_flags=0x00000000
SIGQUIT: SIG_DFL, sa_mask[0]=0x00000000, sa_flags=0x00000000


---------------  S Y S T E M  ---------------

OS:Ubuntu 12.04 (precise)
uname:Linux 3.2.0-37-generic #58-Ubuntu SMP Thu Jan 24 15:28:10 UTC 2013 x86_64
libc:glibc 2.15 NPTL 2.15 
rlimit: STACK 8192k, CORE 0k, NPROC 47483, NOFILE 4096, AS infinity
load average:0.79 0.74 0.52

/proc/meminfo:
MemTotal:        6095444 kB
MemFree:          730924 kB
Buffers:          185588 kB
Cached:          2611108 kB
SwapCached:         4180 kB
Active:          2952424 kB
Inactive:        1829208 kB
Active(anon):    1524636 kB
Inactive(anon):   466452 kB
Active(file):    1427788 kB
Inactive(file):  1362756 kB
Unevictable:          88 kB
Mlocked:              88 kB
SwapTotal:       6271996 kB
SwapFree:        6266368 kB
Dirty:               620 kB
Writeback:             0 kB
AnonPages:       1981028 kB
Mapped:           388464 kB
Shmem:              6148 kB
Slab:             243020 kB
SReclaimable:     206572 kB
SUnreclaim:        36448 kB
KernelStack:        4328 kB
PageTables:        43812 kB
NFS_Unstable:          0 kB
Bounce:                0 kB
WritebackTmp:          0 kB
CommitLimit:     9319716 kB
Committed_AS:    4948296 kB
VmallocTotal:   34359738367 kB
VmallocUsed:      116556 kB
VmallocChunk:   34359613720 kB
HardwareCorrupted:     0 kB
AnonHugePages:         0 kB
HugePages_Total:       0
HugePages_Free:        0
HugePages_Rsvd:        0
HugePages_Surp:        0
Hugepagesize:       2048 kB
DirectMap4k:      292864 kB
DirectMap2M:     5982208 kB


CPU:total 4 (2 cores per cpu, 2 threads per core) family 6 model 42 stepping 7, cmov, cx8, fxsr, mmx, sse, sse2, sse3, ssse3, sse4.1, sse4.2, popcnt, ht

Memory: 4k page, physical 6095444k(730924k free), swap 6271996k(6266368k free)

vm_info: OpenJDK 64-Bit Server VM (20.0-b12) for linux-amd64 JRE (1.6.0_24-b24), built on Oct 24 2012 16:17:28 by "buildd" with gcc 4.6.3

time: Wed Feb 20 17:03:54 2013
elapsed time: 0 seconds

