#
# A fatal error has been detected by the Java Runtime Environment:
#
#  Internal Error (classFileParser.cpp:3494), pid=10613, tid=140523140032256
#  Error: ShouldNotReachHere()
#
# JRE version: 6.0_24-b24
# Java VM: OpenJDK 64-Bit Server VM (20.0-b12 mixed mode linux-amd64 compressed oops)
# Derivative: IcedTea6 1.11.5
# Distribution: Ubuntu 12.04 LTS, package 6b24-1.11.5-0ubuntu1~12.04.1
# If you would like to submit a bug report, please include
# instructions how to reproduce the bug and visit:
#   https://bugs.launchpad.net/ubuntu/+source/openjdk-6/
#

---------------  T H R E A D  ---------------

Current thread (0x00007fce10007800):  JavaThread "Unknown thread" [_thread_in_vm, id=10618, stack(0x00007fce17c82000,0x00007fce17d83000)]

Stack: [0x00007fce17c82000,0x00007fce17d83000],  sp=0x00007fce17d81080,  free space=1020k
Native frames: (J=compiled Java code, j=interpreted, Vv=VM code, C=native code)
V  [libjvm.so+0x7846a5]  VMError::report(outputStream*)+0x1255
V  [libjvm.so+0x784929]  VMError::report_and_die()+0x169
V  [libjvm.so+0x3bb5ea]  report_vm_error(char const*, int, char const*, char const*)+0x4a
V  [libjvm.so+0x351985]  ClassFileParser::parseClassFile(symbolHandle, Handle, Handle, KlassHandle, GrowableArray<Handle>*, symbolHandle&, bool, Thread*)+0x1545
V  [libjvm.so+0x355be3]  ClassLoader::load_classfile(symbolHandle, Thread*)+0x1f3
V  [libjvm.so+0x71c854]  SystemDictionary::load_instance_class(symbolHandle, Handle, Thread*)+0x354
V  [libjvm.so+0x71af60]  SystemDictionary::resolve_instance_class_or_null(symbolHandle, Handle, Handle, Thread*)+0x7c0
V  [libjvm.so+0x71cee3]  SystemDictionary::resolve_or_fail(symbolHandle, Handle, Handle, bool, Thread*)+0x33
V  [libjvm.so+0x71cfc4]  SystemDictionary::resolve_or_fail(symbolHandle, bool, Thread*)+0x14
V  [libjvm.so+0x71d070]  SystemDictionary::initialize_wk_klass(SystemDictionary::WKID, int, Thread*)+0xa0
V  [libjvm.so+0x71d0d9]  SystemDictionary::initialize_wk_klasses_until(SystemDictionary::WKID, SystemDictionary::WKID&, Thread*)+0x59
V  [libjvm.so+0x71d1d1]  SystemDictionary::initialize_preloaded_classes(Thread*)+0x71
V  [libjvm.so+0x760a5f]  Universe::genesis(Thread*)+0x11f
V  [libjvm.so+0x76140f]  universe2_init()+0x1f
V  [libjvm.so+0x474675]  init_globals()+0x95
V  [libjvm.so+0x74b38a]  Threads::create_vm(JavaVMInitArgs*, bool*)+0x1ea
V  [libjvm.so+0x4ce4d1]  JNI_CreateJavaVM+0x61
C  [java+0x317e]  JavaMain+0x7e


---------------  P R O C E S S  ---------------

Java Threads: ( => current thread )

Other Threads:

=>0x00007fce10007800 (exited) JavaThread "Unknown thread" [_thread_in_vm, id=10618, stack(0x00007fce17c82000,0x00007fce17d83000)]

VM state:not at safepoint (not fully initialized)

VM Mutex/Monitor currently owned by a thread: None

Dynamic libraries:
00400000-00409000 r-xp 00000000 08:05 1067208                            /usr/lib/jvm/java-6-openjdk-amd64/jre/bin/java
00608000-00609000 r--p 00008000 08:05 1067208                            /usr/lib/jvm/java-6-openjdk-amd64/jre/bin/java
00609000-0060a000 rw-p 00009000 08:05 1067208                            /usr/lib/jvm/java-6-openjdk-amd64/jre/bin/java
00c35000-00c56000 rw-p 00000000 00:00 0                                  [heap]
98800000-99cc0000 rw-p 00000000 00:00 0 
99cc0000-a2e00000 rw-p 00000000 00:00 0 
a2e00000-a6c10000 rw-p 00000000 00:00 0 
a6c10000-e0f60000 rw-p 00000000 00:00 0 
e0f60000-e2e60000 rw-p 00000000 00:00 0 
e2e60000-100000000 rw-p 00000000 00:00 0 
7fcdf8000000-7fcdf8021000 rw-p 00000000 00:00 0 
7fcdf8021000-7fcdfc000000 ---p 00000000 00:00 0 
7fce00000000-7fce00021000 rw-p 00000000 00:00 0 
7fce00021000-7fce04000000 ---p 00000000 00:00 0 
7fce04000000-7fce04021000 rw-p 00000000 00:00 0 
7fce04021000-7fce08000000 ---p 00000000 00:00 0 
7fce08000000-7fce08021000 rw-p 00000000 00:00 0 
7fce08021000-7fce0c000000 ---p 00000000 00:00 0 
7fce0d000000-7fce0d270000 rwxp 00000000 00:00 0 
7fce0d270000-7fce1007f000 rw-p 00000000 00:00 0 
7fce1007f000-7fce14000000 ---p 00000000 00:00 0 
7fce140ae000-7fce14173000 r--s 0115c000 08:05 303789                     /home/kimrtaylor/androidforhack/adt-bundle-linux-x86_64/sdk/platforms/android-17/android.jar
7fce14173000-7fce1419b000 rw-p 00000000 00:00 0 
7fce1419b000-7fce1419c000 ---p 00000000 00:00 0 
7fce1419c000-7fce1429c000 rw-p 00000000 00:00 0 
7fce1429c000-7fce1429d000 ---p 00000000 00:00 0 
7fce1429d000-7fce1439d000 rw-p 00000000 00:00 0 
7fce1439d000-7fce1439e000 ---p 00000000 00:00 0 
7fce1439e000-7fce1449e000 rw-p 00000000 00:00 0 
7fce1449e000-7fce1449f000 ---p 00000000 00:00 0 
7fce1449f000-7fce145aa000 rw-p 00000000 00:00 0 
7fce145aa000-7fce145f2000 rw-p 00000000 00:00 0 
7fce145f2000-7fce14612000 rw-p 00000000 00:00 0 
7fce14612000-7fce147e3000 rw-p 00000000 00:00 0 
7fce147e3000-7fce147ee000 rw-p 00000000 00:00 0 
7fce147ee000-7fce14836000 rw-p 00000000 00:00 0 
7fce14836000-7fce14856000 rw-p 00000000 00:00 0 
7fce14856000-7fce14a26000 rw-p 00000000 00:00 0 
7fce14a26000-7fce14a37000 rw-p 00000000 00:00 0 
7fce14a37000-7fce14b1f000 rw-p 00000000 00:00 0 
7fce14b1f000-7fce14b20000 rw-p 00000000 00:00 0 
7fce14b20000-7fce14b27000 r-xp 00000000 08:05 137934                     /usr/lib/jvm/java-6-openjdk-amd64/jre/lib/amd64/libzip.so
7fce14b27000-7fce14d26000 ---p 00007000 08:05 137934                     /usr/lib/jvm/java-6-openjdk-amd64/jre/lib/amd64/libzip.so
7fce14d26000-7fce14d27000 r--p 00006000 08:05 137934                     /usr/lib/jvm/java-6-openjdk-amd64/jre/lib/amd64/libzip.so
7fce14d27000-7fce14d28000 rw-p 00007000 08:05 137934                     /usr/lib/jvm/java-6-openjdk-amd64/jre/lib/amd64/libzip.so
7fce14d28000-7fce14d34000 r-xp 00000000 08:05 1458951                    /lib/x86_64-linux-gnu/libnss_files-2.15.so
7fce14d34000-7fce14f33000 ---p 0000c000 08:05 1458951                    /lib/x86_64-linux-gnu/libnss_files-2.15.so
7fce14f33000-7fce14f34000 r--p 0000b000 08:05 1458951                    /lib/x86_64-linux-gnu/libnss_files-2.15.so
7fce14f34000-7fce14f35000 rw-p 0000c000 08:05 1458951                    /lib/x86_64-linux-gnu/libnss_files-2.15.so
7fce14f35000-7fce14f3f000 r-xp 00000000 08:05 1458947                    /lib/x86_64-linux-gnu/libnss_nis-2.15.so
7fce14f3f000-7fce1513f000 ---p 0000a000 08:05 1458947                    /lib/x86_64-linux-gnu/libnss_nis-2.15.so
7fce1513f000-7fce15140000 r--p 0000a000 08:05 1458947                    /lib/x86_64-linux-gnu/libnss_nis-2.15.so
7fce15140000-7fce15141000 rw-p 0000b000 08:05 1458947                    /lib/x86_64-linux-gnu/libnss_nis-2.15.so
7fce15141000-7fce15158000 r-xp 00000000 08:05 1458960                    /lib/x86_64-linux-gnu/libnsl-2.15.so
7fce15158000-7fce15357000 ---p 00017000 08:05 1458960                    /lib/x86_64-linux-gnu/libnsl-2.15.so
7fce15357000-7fce15358000 r--p 00016000 08:05 1458960                    /lib/x86_64-linux-gnu/libnsl-2.15.so
7fce15358000-7fce15359000 rw-p 00017000 08:05 1458960                    /lib/x86_64-linux-gnu/libnsl-2.15.so
7fce15359000-7fce1535b000 rw-p 00000000 00:00 0 
7fce1535b000-7fce15363000 r-xp 00000000 08:05 1458952                    /lib/x86_64-linux-gnu/libnss_compat-2.15.so
7fce15363000-7fce15562000 ---p 00008000 08:05 1458952                    /lib/x86_64-linux-gnu/libnss_compat-2.15.so
7fce15562000-7fce15563000 r--p 00007000 08:05 1458952                    /lib/x86_64-linux-gnu/libnss_compat-2.15.so
7fce15563000-7fce15564000 rw-p 00008000 08:05 1458952                    /lib/x86_64-linux-gnu/libnss_compat-2.15.so
7fce15564000-7fce15590000 r-xp 00000000 08:05 134126                     /usr/lib/jvm/java-6-openjdk-amd64/jre/lib/amd64/libjava.so
7fce15590000-7fce1578f000 ---p 0002c000 08:05 134126                     /usr/lib/jvm/java-6-openjdk-amd64/jre/lib/amd64/libjava.so
7fce1578f000-7fce15790000 r--p 0002b000 08:05 134126                     /usr/lib/jvm/java-6-openjdk-amd64/jre/lib/amd64/libjava.so
7fce15790000-7fce15793000 rw-p 0002c000 08:05 134126                     /usr/lib/jvm/java-6-openjdk-amd64/jre/lib/amd64/libjava.so
7fce15793000-7fce157a1000 r-xp 00000000 08:05 134994                     /usr/lib/jvm/java-6-openjdk-amd64/jre/lib/amd64/libverify.so
7fce157a1000-7fce159a0000 ---p 0000e000 08:05 134994                     /usr/lib/jvm/java-6-openjdk-amd64/jre/lib/amd64/libverify.so
7fce159a0000-7fce159a2000 r--p 0000d000 08:05 134994                     /usr/lib/jvm/java-6-openjdk-amd64/jre/lib/amd64/libverify.so
7fce159a2000-7fce159a3000 rw-p 0000f000 08:05 134994                     /usr/lib/jvm/java-6-openjdk-amd64/jre/lib/amd64/libverify.so
7fce159a3000-7fce159aa000 r-xp 00000000 08:05 1458945                    /lib/x86_64-linux-gnu/librt-2.15.so
7fce159aa000-7fce15ba9000 ---p 00007000 08:05 1458945                    /lib/x86_64-linux-gnu/librt-2.15.so
7fce15ba9000-7fce15baa000 r--p 00006000 08:05 1458945                    /lib/x86_64-linux-gnu/librt-2.15.so
7fce15baa000-7fce15bab000 rw-p 00007000 08:05 1458945                    /lib/x86_64-linux-gnu/librt-2.15.so
7fce15bab000-7fce15bc0000 r-xp 00000000 08:05 1442866                    /lib/x86_64-linux-gnu/libgcc_s.so.1
7fce15bc0000-7fce15dbf000 ---p 00015000 08:05 1442866                    /lib/x86_64-linux-gnu/libgcc_s.so.1
7fce15dbf000-7fce15dc0000 r--p 00014000 08:05 1442866                    /lib/x86_64-linux-gnu/libgcc_s.so.1
7fce15dc0000-7fce15dc1000 rw-p 00015000 08:05 1442866                    /lib/x86_64-linux-gnu/libgcc_s.so.1
7fce15dc1000-7fce15ebc000 r-xp 00000000 08:05 1458949                    /lib/x86_64-linux-gnu/libm-2.15.so
7fce15ebc000-7fce160bb000 ---p 000fb000 08:05 1458949                    /lib/x86_64-linux-gnu/libm-2.15.so
7fce160bb000-7fce160bc000 r--p 000fa000 08:05 1458949                    /lib/x86_64-linux-gnu/libm-2.15.so
7fce160bc000-7fce160bd000 rw-p 000fb000 08:05 1458949                    /lib/x86_64-linux-gnu/libm-2.15.so
7fce160bd000-7fce1619f000 r-xp 00000000 08:05 1839928                    /usr/lib/x86_64-linux-gnu/libstdc++.so.6.0.16
7fce1619f000-7fce1639e000 ---p 000e2000 08:05 1839928                    /usr/lib/x86_64-linux-gnu/libstdc++.so.6.0.16
7fce1639e000-7fce163a6000 r--p 000e1000 08:05 1839928                    /usr/lib/x86_64-linux-gnu/libstdc++.so.6.0.16
7fce163a6000-7fce163a8000 rw-p 000e9000 08:05 1839928                    /usr/lib/x86_64-linux-gnu/libstdc++.so.6.0.16
7fce163a8000-7fce163bd000 rw-p 00000000 00:00 0 
7fce163bd000-7fce16cc2000 r-xp 00000000 08:05 392455                     /usr/lib/jvm/java-6-openjdk-amd64/jre/lib/amd64/server/libjvm.so
7fce16cc2000-7fce16ec2000 ---p 00905000 08:05 392455                     /usr/lib/jvm/java-6-openjdk-amd64/jre/lib/amd64/server/libjvm.so
7fce16ec2000-7fce16f42000 r--p 00905000 08:05 392455                     /usr/lib/jvm/java-6-openjdk-amd64/jre/lib/amd64/server/libjvm.so
7fce16f42000-7fce16f5d000 rw-p 00985000 08:05 392455                     /usr/lib/jvm/java-6-openjdk-amd64/jre/lib/amd64/server/libjvm.so
7fce16f5d000-7fce16f86000 rw-p 00000000 00:00 0 
7fce16f86000-7fce16f9c000 r-xp 00000000 08:05 1442956                    /lib/x86_64-linux-gnu/libz.so.1.2.3.4
7fce16f9c000-7fce1719b000 ---p 00016000 08:05 1442956                    /lib/x86_64-linux-gnu/libz.so.1.2.3.4
7fce1719b000-7fce1719c000 r--p 00015000 08:05 1442956                    /lib/x86_64-linux-gnu/libz.so.1.2.3.4
7fce1719c000-7fce1719d000 rw-p 00016000 08:05 1442956                    /lib/x86_64-linux-gnu/libz.so.1.2.3.4
7fce1719d000-7fce17352000 r-xp 00000000 08:05 1458941                    /lib/x86_64-linux-gnu/libc-2.15.so
7fce17352000-7fce17551000 ---p 001b5000 08:05 1458941                    /lib/x86_64-linux-gnu/libc-2.15.so
7fce17551000-7fce17555000 r--p 001b4000 08:05 1458941                    /lib/x86_64-linux-gnu/libc-2.15.so
7fce17555000-7fce17557000 rw-p 001b8000 08:05 1458941                    /lib/x86_64-linux-gnu/libc-2.15.so
7fce17557000-7fce1755c000 rw-p 00000000 00:00 0 
7fce1755c000-7fce1755e000 r-xp 00000000 08:05 1458940                    /lib/x86_64-linux-gnu/libdl-2.15.so
7fce1755e000-7fce1775e000 ---p 00002000 08:05 1458940                    /lib/x86_64-linux-gnu/libdl-2.15.so
7fce1775e000-7fce1775f000 r--p 00002000 08:05 1458940                    /lib/x86_64-linux-gnu/libdl-2.15.so
7fce1775f000-7fce17760000 rw-p 00003000 08:05 1458940                    /lib/x86_64-linux-gnu/libdl-2.15.so
7fce17760000-7fce17764000 r-xp 00000000 08:05 262835                     /usr/lib/jvm/java-6-openjdk-amd64/jre/lib/amd64/jli/libjli.so
7fce17764000-7fce17963000 ---p 00004000 08:05 262835                     /usr/lib/jvm/java-6-openjdk-amd64/jre/lib/amd64/jli/libjli.so
7fce17963000-7fce17964000 r--p 00003000 08:05 262835                     /usr/lib/jvm/java-6-openjdk-amd64/jre/lib/amd64/jli/libjli.so
7fce17964000-7fce17965000 rw-p 00004000 08:05 262835                     /usr/lib/jvm/java-6-openjdk-amd64/jre/lib/amd64/jli/libjli.so
7fce17965000-7fce1797d000 r-xp 00000000 08:05 1458943                    /lib/x86_64-linux-gnu/libpthread-2.15.so
7fce1797d000-7fce17b7c000 ---p 00018000 08:05 1458943                    /lib/x86_64-linux-gnu/libpthread-2.15.so
7fce17b7c000-7fce17b7d000 r--p 00017000 08:05 1458943                    /lib/x86_64-linux-gnu/libpthread-2.15.so
7fce17b7d000-7fce17b7e000 rw-p 00018000 08:05 1458943                    /lib/x86_64-linux-gnu/libpthread-2.15.so
7fce17b7e000-7fce17b82000 rw-p 00000000 00:00 0 
7fce17b82000-7fce17ba4000 r-xp 00000000 08:05 1458955                    /lib/x86_64-linux-gnu/ld-2.15.so
7fce17bc2000-7fce17bcc000 rw-p 00000000 00:00 0 
7fce17bcc000-7fce17c82000 rw-p 00000000 00:00 0 
7fce17c82000-7fce17c85000 ---p 00000000 00:00 0 
7fce17c85000-7fce17d88000 rw-p 00000000 00:00 0 
7fce17d98000-7fce17da0000 rw-s 00000000 08:05 530776                     /tmp/hsperfdata_kimrtaylor/10613
7fce17da0000-7fce17da1000 rw-p 00000000 00:00 0 
7fce17da1000-7fce17da2000 r--p 00000000 00:00 0 
7fce17da2000-7fce17da4000 rw-p 00000000 00:00 0 
7fce17da4000-7fce17da5000 r--p 00022000 08:05 1458955                    /lib/x86_64-linux-gnu/ld-2.15.so
7fce17da5000-7fce17da7000 rw-p 00023000 08:05 1458955                    /lib/x86_64-linux-gnu/ld-2.15.so
7fff07ff9000-7fff0801a000 rw-p 00000000 00:00 0                          [stack]
7fff08152000-7fff08153000 r-xp 00000000 00:00 0                          [vdso]
ffffffffff600000-ffffffffff601000 r-xp 00000000 00:00 0                  [vsyscall]

VM Arguments:
jvm_args: -Dfile.encoding=UTF-8 -Xbootclasspath:/home/kimrtaylor/androidforhack/adt-bundle-linux-x86_64/sdk/platforms/android-17/android.jar 
java_command: com.example.edw.SportsXMLParser
Launcher Type: SUN_STANDARD

Environment Variables:
PATH=/usr/lib/lightdm/lightdm:/usr/local/sbin:/usr/local/bin:/usr/sbin:/usr/bin:/sbin:/bin:/usr/games
LD_LIBRARY_PATH=/usr/lib/jvm/java-6-openjdk-amd64/jre/lib/amd64/server:/usr/lib/jvm/java-6-openjdk-amd64/jre/lib/amd64:/usr/lib/jvm/java-6-openjdk-amd64/jre/../lib/amd64
SHELL=/bin/bash
DISPLAY=:0.0

Signal Handlers:
SIGSEGV: [libjvm.so+0x7852e0], sa_mask[0]=0x7ffbfeff, sa_flags=0x10000004
SIGBUS: [libjvm.so+0x7852e0], sa_mask[0]=0x7ffbfeff, sa_flags=0x10000004
SIGFPE: [libjvm.so+0x648d40], sa_mask[0]=0x7ffbfeff, sa_flags=0x10000004
SIGPIPE: [libjvm.so+0x648d40], sa_mask[0]=0x7ffbfeff, sa_flags=0x10000004
SIGXFSZ: [libjvm.so+0x648d40], sa_mask[0]=0x7ffbfeff, sa_flags=0x10000004
SIGILL: [libjvm.so+0x648d40], sa_mask[0]=0x7ffbfeff, sa_flags=0x10000004
SIGUSR1: SIG_DFL, sa_mask[0]=0x00000000, sa_flags=0x00000000
SIGUSR2: [libjvm.so+0x648ef0], sa_mask[0]=0x00000004, sa_flags=0x10000004
SIGHUP: SIG_DFL, sa_mask[0]=0x00000000, sa_flags=0x00000000
SIGINT: SIG_DFL, sa_mask[0]=0x00000000, sa_flags=0x00000000
SIGTERM: SIG_DFL, sa_mask[0]=0x00000000, sa_flags=0x00000000
SIGQUIT: SIG_DFL, sa_mask[0]=0x00000000, sa_flags=0x00000000


---------------  S Y S T E M  ---------------

OS:Ubuntu 12.04 (precise)
uname:Linux 3.2.0-37-generic #58-Ubuntu SMP Thu Jan 24 15:28:10 UTC 2013 x86_64
libc:glibc 2.15 NPTL 2.15 
rlimit: STACK 8192k, CORE 0k, NPROC 47483, NOFILE 4096, AS infinity
load average:0.37 0.47 0.54

/proc/meminfo:
MemTotal:        6095444 kB
MemFree:         1011932 kB
Buffers:          190080 kB
Cached:          2586648 kB
SwapCached:         4548 kB
Active:          2763420 kB
Inactive:        1753920 kB
Active(anon):    1266964 kB
Inactive(anon):   479668 kB
Active(file):    1496456 kB
Inactive(file):  1274252 kB
Unevictable:          88 kB
Mlocked:              88 kB
SwapTotal:       6271996 kB
SwapFree:        6266080 kB
Dirty:                36 kB
Writeback:             0 kB
AnonPages:       1736128 kB
Mapped:           312380 kB
Shmem:              6012 kB
Slab:             242224 kB
SReclaimable:     205824 kB
SUnreclaim:        36400 kB
KernelStack:        4224 kB
PageTables:        43104 kB
NFS_Unstable:          0 kB
Bounce:                0 kB
WritebackTmp:          0 kB
CommitLimit:     9319716 kB
Committed_AS:    4889804 kB
VmallocTotal:   34359738367 kB
VmallocUsed:      116556 kB
VmallocChunk:   34359613720 kB
HardwareCorrupted:     0 kB
AnonHugePages:         0 kB
HugePages_Total:       0
HugePages_Free:        0
HugePages_Rsvd:        0
HugePages_Surp:        0
Hugepagesize:       2048 kB
DirectMap4k:      292864 kB
DirectMap2M:     5982208 kB


CPU:total 4 (2 cores per cpu, 2 threads per core) family 6 model 42 stepping 7, cmov, cx8, fxsr, mmx, sse, sse2, sse3, ssse3, sse4.1, sse4.2, popcnt, ht

Memory: 4k page, physical 6095444k(1011932k free), swap 6271996k(6266080k free)

vm_info: OpenJDK 64-Bit Server VM (20.0-b12) for linux-amd64 JRE (1.6.0_24-b24), built on Oct 24 2012 16:17:28 by "buildd" with gcc 4.6.3

time: Wed Feb 20 17:26:33 2013
elapsed time: 0 seconds

