#
# A fatal error has been detected by the Java Runtime Environment:
#
#  Internal Error (classFileParser.cpp:3494), pid=9603, tid=139907290654464
#  Error: ShouldNotReachHere()
#
# JRE version: 6.0_24-b24
# Java VM: OpenJDK 64-Bit Server VM (20.0-b12 mixed mode linux-amd64 compressed oops)
# Derivative: IcedTea6 1.11.5
# Distribution: Ubuntu 12.04 LTS, package 6b24-1.11.5-0ubuntu1~12.04.1
# If you would like to submit a bug report, please include
# instructions how to reproduce the bug and visit:
#   https://bugs.launchpad.net/ubuntu/+source/openjdk-6/
#

---------------  T H R E A D  ---------------

Current thread (0x00007f3eac007800):  JavaThread "Unknown thread" [_thread_in_vm, id=9605, stack(0x00007f3eb44c6000,0x00007f3eb45c7000)]

Stack: [0x00007f3eb44c6000,0x00007f3eb45c7000],  sp=0x00007f3eb45c5080,  free space=1020k
Native frames: (J=compiled Java code, j=interpreted, Vv=VM code, C=native code)
V  [libjvm.so+0x7846a5]  VMError::report(outputStream*)+0x1255
V  [libjvm.so+0x784929]  VMError::report_and_die()+0x169
V  [libjvm.so+0x3bb5ea]  report_vm_error(char const*, int, char const*, char const*)+0x4a
V  [libjvm.so+0x351985]  ClassFileParser::parseClassFile(symbolHandle, Handle, Handle, KlassHandle, GrowableArray<Handle>*, symbolHandle&, bool, Thread*)+0x1545
V  [libjvm.so+0x355be3]  ClassLoader::load_classfile(symbolHandle, Thread*)+0x1f3
V  [libjvm.so+0x71c854]  SystemDictionary::load_instance_class(symbolHandle, Handle, Thread*)+0x354
V  [libjvm.so+0x71af60]  SystemDictionary::resolve_instance_class_or_null(symbolHandle, Handle, Handle, Thread*)+0x7c0
V  [libjvm.so+0x71cee3]  SystemDictionary::resolve_or_fail(symbolHandle, Handle, Handle, bool, Thread*)+0x33
V  [libjvm.so+0x71cfc4]  SystemDictionary::resolve_or_fail(symbolHandle, bool, Thread*)+0x14
V  [libjvm.so+0x71d070]  SystemDictionary::initialize_wk_klass(SystemDictionary::WKID, int, Thread*)+0xa0
V  [libjvm.so+0x71d0d9]  SystemDictionary::initialize_wk_klasses_until(SystemDictionary::WKID, SystemDictionary::WKID&, Thread*)+0x59
V  [libjvm.so+0x71d1d1]  SystemDictionary::initialize_preloaded_classes(Thread*)+0x71
V  [libjvm.so+0x760a5f]  Universe::genesis(Thread*)+0x11f
V  [libjvm.so+0x76140f]  universe2_init()+0x1f
V  [libjvm.so+0x474675]  init_globals()+0x95
V  [libjvm.so+0x74b38a]  Threads::create_vm(JavaVMInitArgs*, bool*)+0x1ea
V  [libjvm.so+0x4ce4d1]  JNI_CreateJavaVM+0x61
C  [java+0x317e]  JavaMain+0x7e


---------------  P R O C E S S  ---------------

Java Threads: ( => current thread )

Other Threads:

=>0x00007f3eac007800 (exited) JavaThread "Unknown thread" [_thread_in_vm, id=9605, stack(0x00007f3eb44c6000,0x00007f3eb45c7000)]

VM state:not at safepoint (not fully initialized)

VM Mutex/Monitor currently owned by a thread: None

Dynamic libraries:
00400000-00409000 r-xp 00000000 08:05 1067208                            /usr/lib/jvm/java-6-openjdk-amd64/jre/bin/java
00608000-00609000 r--p 00008000 08:05 1067208                            /usr/lib/jvm/java-6-openjdk-amd64/jre/bin/java
00609000-0060a000 rw-p 00009000 08:05 1067208                            /usr/lib/jvm/java-6-openjdk-amd64/jre/bin/java
007f2000-00813000 rw-p 00000000 00:00 0                                  [heap]
98800000-99cc0000 rw-p 00000000 00:00 0 
99cc0000-a2e00000 rw-p 00000000 00:00 0 
a2e00000-a6c10000 rw-p 00000000 00:00 0 
a6c10000-e0f60000 rw-p 00000000 00:00 0 
e0f60000-e2e60000 rw-p 00000000 00:00 0 
e2e60000-100000000 rw-p 00000000 00:00 0 
7f3e94000000-7f3e94021000 rw-p 00000000 00:00 0 
7f3e94021000-7f3e98000000 ---p 00000000 00:00 0 
7f3e9c000000-7f3e9c021000 rw-p 00000000 00:00 0 
7f3e9c021000-7f3ea0000000 ---p 00000000 00:00 0 
7f3ea0000000-7f3ea0021000 rw-p 00000000 00:00 0 
7f3ea0021000-7f3ea4000000 ---p 00000000 00:00 0 
7f3ea4000000-7f3ea4021000 rw-p 00000000 00:00 0 
7f3ea4021000-7f3ea8000000 ---p 00000000 00:00 0 
7f3ea9000000-7f3ea9270000 rwxp 00000000 00:00 0 
7f3ea9270000-7f3eac07f000 rw-p 00000000 00:00 0 
7f3eac07f000-7f3eb0000000 ---p 00000000 00:00 0 
7f3eb08f2000-7f3eb09b7000 r--s 0115c000 08:05 303789                     /home/kimrtaylor/androidforhack/adt-bundle-linux-x86_64/sdk/platforms/android-17/android.jar
7f3eb09b7000-7f3eb09df000 rw-p 00000000 00:00 0 
7f3eb09df000-7f3eb09e0000 ---p 00000000 00:00 0 
7f3eb09e0000-7f3eb0ae0000 rw-p 00000000 00:00 0 
7f3eb0ae0000-7f3eb0ae1000 ---p 00000000 00:00 0 
7f3eb0ae1000-7f3eb0be1000 rw-p 00000000 00:00 0 
7f3eb0be1000-7f3eb0be2000 ---p 00000000 00:00 0 
7f3eb0be2000-7f3eb0ce2000 rw-p 00000000 00:00 0 
7f3eb0ce2000-7f3eb0ce3000 ---p 00000000 00:00 0 
7f3eb0ce3000-7f3eb0dee000 rw-p 00000000 00:00 0 
7f3eb0dee000-7f3eb0e36000 rw-p 00000000 00:00 0 
7f3eb0e36000-7f3eb0e56000 rw-p 00000000 00:00 0 
7f3eb0e56000-7f3eb1027000 rw-p 00000000 00:00 0 
7f3eb1027000-7f3eb1032000 rw-p 00000000 00:00 0 
7f3eb1032000-7f3eb107a000 rw-p 00000000 00:00 0 
7f3eb107a000-7f3eb109a000 rw-p 00000000 00:00 0 
7f3eb109a000-7f3eb126a000 rw-p 00000000 00:00 0 
7f3eb126a000-7f3eb127b000 rw-p 00000000 00:00 0 
7f3eb127b000-7f3eb1363000 rw-p 00000000 00:00 0 
7f3eb1363000-7f3eb1364000 rw-p 00000000 00:00 0 
7f3eb1364000-7f3eb136b000 r-xp 00000000 08:05 137934                     /usr/lib/jvm/java-6-openjdk-amd64/jre/lib/amd64/libzip.so
7f3eb136b000-7f3eb156a000 ---p 00007000 08:05 137934                     /usr/lib/jvm/java-6-openjdk-amd64/jre/lib/amd64/libzip.so
7f3eb156a000-7f3eb156b000 r--p 00006000 08:05 137934                     /usr/lib/jvm/java-6-openjdk-amd64/jre/lib/amd64/libzip.so
7f3eb156b000-7f3eb156c000 rw-p 00007000 08:05 137934                     /usr/lib/jvm/java-6-openjdk-amd64/jre/lib/amd64/libzip.so
7f3eb156c000-7f3eb1578000 r-xp 00000000 08:05 1458951                    /lib/x86_64-linux-gnu/libnss_files-2.15.so
7f3eb1578000-7f3eb1777000 ---p 0000c000 08:05 1458951                    /lib/x86_64-linux-gnu/libnss_files-2.15.so
7f3eb1777000-7f3eb1778000 r--p 0000b000 08:05 1458951                    /lib/x86_64-linux-gnu/libnss_files-2.15.so
7f3eb1778000-7f3eb1779000 rw-p 0000c000 08:05 1458951                    /lib/x86_64-linux-gnu/libnss_files-2.15.so
7f3eb1779000-7f3eb1783000 r-xp 00000000 08:05 1458947                    /lib/x86_64-linux-gnu/libnss_nis-2.15.so
7f3eb1783000-7f3eb1983000 ---p 0000a000 08:05 1458947                    /lib/x86_64-linux-gnu/libnss_nis-2.15.so
7f3eb1983000-7f3eb1984000 r--p 0000a000 08:05 1458947                    /lib/x86_64-linux-gnu/libnss_nis-2.15.so
7f3eb1984000-7f3eb1985000 rw-p 0000b000 08:05 1458947                    /lib/x86_64-linux-gnu/libnss_nis-2.15.so
7f3eb1985000-7f3eb199c000 r-xp 00000000 08:05 1458960                    /lib/x86_64-linux-gnu/libnsl-2.15.so
7f3eb199c000-7f3eb1b9b000 ---p 00017000 08:05 1458960                    /lib/x86_64-linux-gnu/libnsl-2.15.so
7f3eb1b9b000-7f3eb1b9c000 r--p 00016000 08:05 1458960                    /lib/x86_64-linux-gnu/libnsl-2.15.so
7f3eb1b9c000-7f3eb1b9d000 rw-p 00017000 08:05 1458960                    /lib/x86_64-linux-gnu/libnsl-2.15.so
7f3eb1b9d000-7f3eb1b9f000 rw-p 00000000 00:00 0 
7f3eb1b9f000-7f3eb1ba7000 r-xp 00000000 08:05 1458952                    /lib/x86_64-linux-gnu/libnss_compat-2.15.so
7f3eb1ba7000-7f3eb1da6000 ---p 00008000 08:05 1458952                    /lib/x86_64-linux-gnu/libnss_compat-2.15.so
7f3eb1da6000-7f3eb1da7000 r--p 00007000 08:05 1458952                    /lib/x86_64-linux-gnu/libnss_compat-2.15.so
7f3eb1da7000-7f3eb1da8000 rw-p 00008000 08:05 1458952                    /lib/x86_64-linux-gnu/libnss_compat-2.15.so
7f3eb1da8000-7f3eb1dd4000 r-xp 00000000 08:05 134126                     /usr/lib/jvm/java-6-openjdk-amd64/jre/lib/amd64/libjava.so
7f3eb1dd4000-7f3eb1fd3000 ---p 0002c000 08:05 134126                     /usr/lib/jvm/java-6-openjdk-amd64/jre/lib/amd64/libjava.so
7f3eb1fd3000-7f3eb1fd4000 r--p 0002b000 08:05 134126                     /usr/lib/jvm/java-6-openjdk-amd64/jre/lib/amd64/libjava.so
7f3eb1fd4000-7f3eb1fd7000 rw-p 0002c000 08:05 134126                     /usr/lib/jvm/java-6-openjdk-amd64/jre/lib/amd64/libjava.so
7f3eb1fd7000-7f3eb1fe5000 r-xp 00000000 08:05 134994                     /usr/lib/jvm/java-6-openjdk-amd64/jre/lib/amd64/libverify.so
7f3eb1fe5000-7f3eb21e4000 ---p 0000e000 08:05 134994                     /usr/lib/jvm/java-6-openjdk-amd64/jre/lib/amd64/libverify.so
7f3eb21e4000-7f3eb21e6000 r--p 0000d000 08:05 134994                     /usr/lib/jvm/java-6-openjdk-amd64/jre/lib/amd64/libverify.so
7f3eb21e6000-7f3eb21e7000 rw-p 0000f000 08:05 134994                     /usr/lib/jvm/java-6-openjdk-amd64/jre/lib/amd64/libverify.so
7f3eb21e7000-7f3eb21ee000 r-xp 00000000 08:05 1458945                    /lib/x86_64-linux-gnu/librt-2.15.so
7f3eb21ee000-7f3eb23ed000 ---p 00007000 08:05 1458945                    /lib/x86_64-linux-gnu/librt-2.15.so
7f3eb23ed000-7f3eb23ee000 r--p 00006000 08:05 1458945                    /lib/x86_64-linux-gnu/librt-2.15.so
7f3eb23ee000-7f3eb23ef000 rw-p 00007000 08:05 1458945                    /lib/x86_64-linux-gnu/librt-2.15.so
7f3eb23ef000-7f3eb2404000 r-xp 00000000 08:05 1442866                    /lib/x86_64-linux-gnu/libgcc_s.so.1
7f3eb2404000-7f3eb2603000 ---p 00015000 08:05 1442866                    /lib/x86_64-linux-gnu/libgcc_s.so.1
7f3eb2603000-7f3eb2604000 r--p 00014000 08:05 1442866                    /lib/x86_64-linux-gnu/libgcc_s.so.1
7f3eb2604000-7f3eb2605000 rw-p 00015000 08:05 1442866                    /lib/x86_64-linux-gnu/libgcc_s.so.1
7f3eb2605000-7f3eb2700000 r-xp 00000000 08:05 1458949                    /lib/x86_64-linux-gnu/libm-2.15.so
7f3eb2700000-7f3eb28ff000 ---p 000fb000 08:05 1458949                    /lib/x86_64-linux-gnu/libm-2.15.so
7f3eb28ff000-7f3eb2900000 r--p 000fa000 08:05 1458949                    /lib/x86_64-linux-gnu/libm-2.15.so
7f3eb2900000-7f3eb2901000 rw-p 000fb000 08:05 1458949                    /lib/x86_64-linux-gnu/libm-2.15.so
7f3eb2901000-7f3eb29e3000 r-xp 00000000 08:05 1839928                    /usr/lib/x86_64-linux-gnu/libstdc++.so.6.0.16
7f3eb29e3000-7f3eb2be2000 ---p 000e2000 08:05 1839928                    /usr/lib/x86_64-linux-gnu/libstdc++.so.6.0.16
7f3eb2be2000-7f3eb2bea000 r--p 000e1000 08:05 1839928                    /usr/lib/x86_64-linux-gnu/libstdc++.so.6.0.16
7f3eb2bea000-7f3eb2bec000 rw-p 000e9000 08:05 1839928                    /usr/lib/x86_64-linux-gnu/libstdc++.so.6.0.16
7f3eb2bec000-7f3eb2c01000 rw-p 00000000 00:00 0 
7f3eb2c01000-7f3eb3506000 r-xp 00000000 08:05 392455                     /usr/lib/jvm/java-6-openjdk-amd64/jre/lib/amd64/server/libjvm.so
7f3eb3506000-7f3eb3706000 ---p 00905000 08:05 392455                     /usr/lib/jvm/java-6-openjdk-amd64/jre/lib/amd64/server/libjvm.so
7f3eb3706000-7f3eb3786000 r--p 00905000 08:05 392455                     /usr/lib/jvm/java-6-openjdk-amd64/jre/lib/amd64/server/libjvm.so
7f3eb3786000-7f3eb37a1000 rw-p 00985000 08:05 392455                     /usr/lib/jvm/java-6-openjdk-amd64/jre/lib/amd64/server/libjvm.so
7f3eb37a1000-7f3eb37ca000 rw-p 00000000 00:00 0 
7f3eb37ca000-7f3eb37e0000 r-xp 00000000 08:05 1442956                    /lib/x86_64-linux-gnu/libz.so.1.2.3.4
7f3eb37e0000-7f3eb39df000 ---p 00016000 08:05 1442956                    /lib/x86_64-linux-gnu/libz.so.1.2.3.4
7f3eb39df000-7f3eb39e0000 r--p 00015000 08:05 1442956                    /lib/x86_64-linux-gnu/libz.so.1.2.3.4
7f3eb39e0000-7f3eb39e1000 rw-p 00016000 08:05 1442956                    /lib/x86_64-linux-gnu/libz.so.1.2.3.4
7f3eb39e1000-7f3eb3b96000 r-xp 00000000 08:05 1458941                    /lib/x86_64-linux-gnu/libc-2.15.so
7f3eb3b96000-7f3eb3d95000 ---p 001b5000 08:05 1458941                    /lib/x86_64-linux-gnu/libc-2.15.so
7f3eb3d95000-7f3eb3d99000 r--p 001b4000 08:05 1458941                    /lib/x86_64-linux-gnu/libc-2.15.so
7f3eb3d99000-7f3eb3d9b000 rw-p 001b8000 08:05 1458941                    /lib/x86_64-linux-gnu/libc-2.15.so
7f3eb3d9b000-7f3eb3da0000 rw-p 00000000 00:00 0 
7f3eb3da0000-7f3eb3da2000 r-xp 00000000 08:05 1458940                    /lib/x86_64-linux-gnu/libdl-2.15.so
7f3eb3da2000-7f3eb3fa2000 ---p 00002000 08:05 1458940                    /lib/x86_64-linux-gnu/libdl-2.15.so
7f3eb3fa2000-7f3eb3fa3000 r--p 00002000 08:05 1458940                    /lib/x86_64-linux-gnu/libdl-2.15.so
7f3eb3fa3000-7f3eb3fa4000 rw-p 00003000 08:05 1458940                    /lib/x86_64-linux-gnu/libdl-2.15.so
7f3eb3fa4000-7f3eb3fa8000 r-xp 00000000 08:05 262835                     /usr/lib/jvm/java-6-openjdk-amd64/jre/lib/amd64/jli/libjli.so
7f3eb3fa8000-7f3eb41a7000 ---p 00004000 08:05 262835                     /usr/lib/jvm/java-6-openjdk-amd64/jre/lib/amd64/jli/libjli.so
7f3eb41a7000-7f3eb41a8000 r--p 00003000 08:05 262835                     /usr/lib/jvm/java-6-openjdk-amd64/jre/lib/amd64/jli/libjli.so
7f3eb41a8000-7f3eb41a9000 rw-p 00004000 08:05 262835                     /usr/lib/jvm/java-6-openjdk-amd64/jre/lib/amd64/jli/libjli.so
7f3eb41a9000-7f3eb41c1000 r-xp 00000000 08:05 1458943                    /lib/x86_64-linux-gnu/libpthread-2.15.so
7f3eb41c1000-7f3eb43c0000 ---p 00018000 08:05 1458943                    /lib/x86_64-linux-gnu/libpthread-2.15.so
7f3eb43c0000-7f3eb43c1000 r--p 00017000 08:05 1458943                    /lib/x86_64-linux-gnu/libpthread-2.15.so
7f3eb43c1000-7f3eb43c2000 rw-p 00018000 08:05 1458943                    /lib/x86_64-linux-gnu/libpthread-2.15.so
7f3eb43c2000-7f3eb43c6000 rw-p 00000000 00:00 0 
7f3eb43c6000-7f3eb43e8000 r-xp 00000000 08:05 1458955                    /lib/x86_64-linux-gnu/ld-2.15.so
7f3eb4406000-7f3eb4410000 rw-p 00000000 00:00 0 
7f3eb4410000-7f3eb44c6000 rw-p 00000000 00:00 0 
7f3eb44c6000-7f3eb44c9000 ---p 00000000 00:00 0 
7f3eb44c9000-7f3eb45cc000 rw-p 00000000 00:00 0 
7f3eb45dc000-7f3eb45e4000 rw-s 00000000 08:05 563487                     /tmp/hsperfdata_kimrtaylor/9603
7f3eb45e4000-7f3eb45e5000 rw-p 00000000 00:00 0 
7f3eb45e5000-7f3eb45e6000 r--p 00000000 00:00 0 
7f3eb45e6000-7f3eb45e8000 rw-p 00000000 00:00 0 
7f3eb45e8000-7f3eb45e9000 r--p 00022000 08:05 1458955                    /lib/x86_64-linux-gnu/ld-2.15.so
7f3eb45e9000-7f3eb45eb000 rw-p 00023000 08:05 1458955                    /lib/x86_64-linux-gnu/ld-2.15.so
7fffc6bed000-7fffc6c0e000 rw-p 00000000 00:00 0                          [stack]
7fffc6d49000-7fffc6d4a000 r-xp 00000000 00:00 0                          [vdso]
ffffffffff600000-ffffffffff601000 r-xp 00000000 00:00 0                  [vsyscall]

VM Arguments:
jvm_args: -Dfile.encoding=UTF-8 -Xbootclasspath:/home/kimrtaylor/androidforhack/adt-bundle-linux-x86_64/sdk/platforms/android-17/android.jar 
java_command: com.example.edw.ParksXMLParser
Launcher Type: SUN_STANDARD

Environment Variables:
PATH=/usr/lib/lightdm/lightdm:/usr/local/sbin:/usr/local/bin:/usr/sbin:/usr/bin:/sbin:/bin:/usr/games
LD_LIBRARY_PATH=/usr/lib/jvm/java-6-openjdk-amd64/jre/lib/amd64/server:/usr/lib/jvm/java-6-openjdk-amd64/jre/lib/amd64:/usr/lib/jvm/java-6-openjdk-amd64/jre/../lib/amd64
SHELL=/bin/bash
DISPLAY=:0.0

Signal Handlers:
SIGSEGV: [libjvm.so+0x7852e0], sa_mask[0]=0x7ffbfeff, sa_flags=0x10000004
SIGBUS: [libjvm.so+0x7852e0], sa_mask[0]=0x7ffbfeff, sa_flags=0x10000004
SIGFPE: [libjvm.so+0x648d40], sa_mask[0]=0x7ffbfeff, sa_flags=0x10000004
SIGPIPE: [libjvm.so+0x648d40], sa_mask[0]=0x7ffbfeff, sa_flags=0x10000004
SIGXFSZ: [libjvm.so+0x648d40], sa_mask[0]=0x7ffbfeff, sa_flags=0x10000004
SIGILL: [libjvm.so+0x648d40], sa_mask[0]=0x7ffbfeff, sa_flags=0x10000004
SIGUSR1: SIG_DFL, sa_mask[0]=0x00000000, sa_flags=0x00000000
SIGUSR2: [libjvm.so+0x648ef0], sa_mask[0]=0x00000004, sa_flags=0x10000004
SIGHUP: SIG_DFL, sa_mask[0]=0x00000000, sa_flags=0x00000000
SIGINT: SIG_DFL, sa_mask[0]=0x00000000, sa_flags=0x00000000
SIGTERM: SIG_DFL, sa_mask[0]=0x00000000, sa_flags=0x00000000
SIGQUIT: SIG_DFL, sa_mask[0]=0x00000000, sa_flags=0x00000000


---------------  S Y S T E M  ---------------

OS:Ubuntu 12.04 (precise)
uname:Linux 3.2.0-37-generic #58-Ubuntu SMP Thu Jan 24 15:28:10 UTC 2013 x86_64
libc:glibc 2.15 NPTL 2.15 
rlimit: STACK 8192k, CORE 0k, NPROC 47483, NOFILE 4096, AS infinity
load average:0.25 0.24 0.30

/proc/meminfo:
MemTotal:        6095444 kB
MemFree:          214868 kB
Buffers:          277040 kB
Cached:          3220676 kB
SwapCached:         1756 kB
Active:          3527864 kB
Inactive:        1746544 kB
Active(anon):    1758068 kB
Inactive(anon):    23808 kB
Active(file):    1769796 kB
Inactive(file):  1722736 kB
Unevictable:          88 kB
Mlocked:              88 kB
SwapTotal:       6271996 kB
SwapFree:        6268952 kB
Dirty:               168 kB
Writeback:             0 kB
AnonPages:       1775200 kB
Mapped:           384828 kB
Shmem:              5184 kB
Slab:             260300 kB
SReclaimable:     224960 kB
SUnreclaim:        35340 kB
KernelStack:        4064 kB
PageTables:        40004 kB
NFS_Unstable:          0 kB
Bounce:                0 kB
WritebackTmp:          0 kB
CommitLimit:     9319716 kB
Committed_AS:    4490792 kB
VmallocTotal:   34359738367 kB
VmallocUsed:      116556 kB
VmallocChunk:   34359613720 kB
HardwareCorrupted:     0 kB
AnonHugePages:         0 kB
HugePages_Total:       0
HugePages_Free:        0
HugePages_Rsvd:        0
HugePages_Surp:        0
Hugepagesize:       2048 kB
DirectMap4k:      292864 kB
DirectMap2M:     5982208 kB


CPU:total 4 (2 cores per cpu, 2 threads per core) family 6 model 42 stepping 7, cmov, cx8, fxsr, mmx, sse, sse2, sse3, ssse3, sse4.1, sse4.2, popcnt, ht

Memory: 4k page, physical 6095444k(214868k free), swap 6271996k(6268952k free)

vm_info: OpenJDK 64-Bit Server VM (20.0-b12) for linux-amd64 JRE (1.6.0_24-b24), built on Oct 24 2012 16:17:28 by "buildd" with gcc 4.6.3

time: Wed Feb 20 16:49:22 2013
elapsed time: 0 seconds

